2026-04-23 17:00:04,257 [ERROR] LogOutputStream:75 - [STDERR_REDIRECT] 
2026-04-23 17:00:29,683 [INFO] Activator:176 - 


2026-04-23 17:00:29,684 [INFO] Activator:177 - !SESSION log4j initialized
2026-04-23 17:00:38,813 [INFO] LogOutputStream:77 - [STDOUT_REDIRECT] 
2026-04-23 17:00:40,658 [INFO] ApplicationProperties:184 - Using Application install path: C:\ST\STM32CubeIDE_1.19.0\STM32CubeIDE\plugins\com.st.stm32cube.common.mx_6.15.0.202507011659
2026-04-23 17:00:40,690 [INFO] DbMcusXml:78 - Set database path to: C:\ST\STM32CubeIDE_1.19.0\STM32CubeIDE\plugins\com.st.stm32cube.common.mx_6.15.0.202507011659\\db\/mcu/
2026-04-23 17:00:40,693 [INFO] ApiDb:274 - Set plugin database path to: C:\ST\STM32CubeIDE_1.19.0\STM32CubeIDE\plugins\com.st.stm32cube.common.mx_6.15.0.202507011659\\db\/plugins/boardmanager/
2026-04-23 17:00:40,693 [WARN] ApiDb:259 - Overriding images path with different value:  => C:\ST\STM32CubeIDE_1.19.0\STM32CubeIDE\plugins\com.st.stm32cube.common.mx_6.15.0.202507011659\\db\/plugins/mcufinder/images/
2026-04-23 17:00:40,712 [INFO] ApiDb:250 - Set database path to: C:\Users\marin\.stmcufinder\plugins\mcufinder//mcu/
2026-04-23 17:00:40,715 [INFO] DbMcusAds:125 - Set database path to: C:\Users\marin\.stmcufinder\plugins\mcufinder//mcu/
2026-04-23 17:00:40,720 [INFO] CrossReferenceDbSqlite:203 - Set database path to: C:\Users\marin\.stmcufinder\plugins\mcufinder//mcu/cs/
2026-04-23 17:00:40,938 [INFO] RulesReader:64 - Compatibility file has been processed (317 Rules)
2026-04-23 17:00:41,139 [INFO] DbMcusXml:78 - Set database path to: C:\ST\STM32CubeIDE_1.19.0\STM32CubeIDE\plugins\com.st.stm32cube.common.mx_6.15.0.202507011659\\db\/mcu/
2026-04-23 17:00:41,139 [INFO] ApiDb:274 - Set plugin database path to: C:\ST\STM32CubeIDE_1.19.0\STM32CubeIDE\plugins\com.st.stm32cube.common.mx_6.15.0.202507011659\\db\/plugins/boardmanager/
2026-04-23 17:00:41,139 [INFO] ApiDb:261 - Set plugin images path to: C:\ST\STM32CubeIDE_1.19.0\STM32CubeIDE\plugins\com.st.stm32cube.common.mx_6.15.0.202507011659\\db\/plugins/mcufinder/images/
2026-04-23 17:00:41,140 [WARN] DbFile:41 - Overriding database path with different value: C:\Users\marin\.stmcufinder\plugins\mcufinder/ => C:\Users\marin\.stmcufinder\plugins\mcufinder
2026-04-23 17:00:41,140 [INFO] ApiDb:250 - Set database path to: C:\Users\marin\.stmcufinder\plugins\mcufinder//mcu/
2026-04-23 17:00:41,140 [WARN] DbFile:41 - Overriding database path with different value: C:\Users\marin\.stmcufinder\plugins\mcufinder/ => C:\Users\marin\.stmcufinder\plugins\mcufinder
2026-04-23 17:00:41,140 [INFO] DbMcusAds:125 - Set database path to: C:\Users\marin\.stmcufinder\plugins\mcufinder//mcu/
2026-04-23 17:00:41,140 [WARN] DbFile:41 - Overriding database path with different value: C:\Users\marin\.stmcufinder\plugins\mcufinder/ => C:\Users\marin\.stmcufinder\plugins\mcufinder
2026-04-23 17:00:41,140 [WARN] DbFile:41 - Overriding database path with different value: C:\Users\marin\.stmcufinder\plugins\mcufinder/ => C:\Users\marin\.stmcufinder\plugins\mcufinder
2026-04-23 17:00:41,141 [INFO] CrossReferenceDbSqlite:203 - Set database path to: C:\Users\marin\.stmcufinder\plugins\mcufinder//mcu/cs/
2026-04-23 17:00:41,333 [INFO] MainPanel:274 - HeapMemory: 268435456
2026-04-23 17:00:41,587 [INFO] DbMcusXml:78 - Set database path to: C:\ST\STM32CubeIDE_1.19.0\STM32CubeIDE\plugins\com.st.stm32cube.common.mx_6.15.0.202507011659\\db\/mcu/
2026-04-23 17:00:41,587 [INFO] ApiDb:274 - Set plugin database path to: C:\ST\STM32CubeIDE_1.19.0\STM32CubeIDE\plugins\com.st.stm32cube.common.mx_6.15.0.202507011659\\db\/plugins/boardmanager/
2026-04-23 17:00:41,587 [INFO] ApiDb:261 - Set plugin images path to: C:\ST\STM32CubeIDE_1.19.0\STM32CubeIDE\plugins\com.st.stm32cube.common.mx_6.15.0.202507011659\\db\/plugins/mcufinder/images/
2026-04-23 17:00:41,589 [WARN] DbFile:41 - Overriding database path with different value: C:\Users\marin\.stmcufinder\plugins\mcufinder/ => C:\Users\marin\.stmcufinder\plugins\mcufinder
2026-04-23 17:00:41,589 [INFO] ApiDb:250 - Set database path to: C:\Users\marin\.stmcufinder\plugins\mcufinder//mcu/
2026-04-23 17:00:41,589 [WARN] DbFile:41 - Overriding database path with different value: C:\Users\marin\.stmcufinder\plugins\mcufinder/ => C:\Users\marin\.stmcufinder\plugins\mcufinder
2026-04-23 17:00:41,589 [INFO] DbMcusAds:125 - Set database path to: C:\Users\marin\.stmcufinder\plugins\mcufinder//mcu/
2026-04-23 17:00:41,589 [WARN] DbFile:41 - Overriding database path with different value: C:\Users\marin\.stmcufinder\plugins\mcufinder/ => C:\Users\marin\.stmcufinder\plugins\mcufinder
2026-04-23 17:00:41,589 [WARN] DbFile:41 - Overriding database path with different value: C:\Users\marin\.stmcufinder\plugins\mcufinder/ => C:\Users\marin\.stmcufinder\plugins\mcufinder
2026-04-23 17:00:41,590 [INFO] CrossReferenceDbSqlite:203 - Set database path to: C:\Users\marin\.stmcufinder\plugins\mcufinder//mcu/cs/
2026-04-23 17:00:41,617 [INFO] ApplicationProperties:184 - Using Application install path: C:\ST\STM32CubeIDE_1.19.0\STM32CubeIDE\plugins\com.st.stm32cube.common.mx_6.15.0.202507011659
2026-04-23 17:00:41,619 [INFO] PluginManage:196 - Search for loadable plugins [exclusion list=, ]
2026-04-23 17:00:41,621 [INFO] PluginManage:310 - Check plugin analytics
2026-04-23 17:00:41,934 [INFO] AnalyticsPlugin:253 - Accepted Software Licenses: 
2026-04-23 17:00:41,935 [INFO] AnalyticsPlugin:255 - Accepted CMSIS Pack Licenses: 
2026-04-23 17:00:41,935 [INFO] AnalyticsPlugin:257 - Accepted Firmware Licenses: 
2026-04-23 17:00:41,948 [INFO] PluginManage:359 - Loaded plugin analytics (category:tool,tabindex:-1)
2026-04-23 17:00:41,949 [INFO] PluginManage:310 - Check plugin cadmodel
2026-04-23 17:00:41,962 [INFO] CADModel:105 - Init CAD model plugin
2026-04-23 17:00:41,962 [INFO] PluginManage:359 - Loaded plugin cadmodel (category:power,tabindex:5)
2026-04-23 17:00:41,962 [INFO] PluginManage:310 - Check plugin clock
2026-04-23 17:00:41,987 [INFO] PluginManage:359 - Loaded plugin clock (category:base,tabindex:2)
2026-04-23 17:00:41,988 [INFO] PluginManage:310 - Check plugin ddr
2026-04-23 17:00:41,991 [INFO] PluginManage:359 - Loaded plugin ddr (category:tool,tabindex:6)
2026-04-23 17:00:41,993 [INFO] PluginManage:310 - Check plugin filemanager
2026-04-23 17:00:42,249 [INFO] PluginManage:359 - Loaded plugin filemanager (category:base,tabindex:10)
2026-04-23 17:00:42,249 [INFO] PluginManage:310 - Check plugin ipmanager
2026-04-23 17:00:42,262 [INFO] PluginManage:359 - Loaded plugin ipmanager (category:base,tabindex:5)
2026-04-23 17:00:42,262 [INFO] PluginManage:310 - Check plugin lpbam
2026-04-23 17:00:42,276 [INFO] PluginManage:359 - Loaded plugin lpbam (category:base,tabindex:0)
2026-04-23 17:00:42,276 [INFO] PluginManage:310 - Check plugin memorymap
2026-04-23 17:00:42,303 [INFO] PluginManage:359 - Loaded plugin memorymap (category:base,tabindex:4)
2026-04-23 17:00:42,303 [INFO] PluginManage:310 - Check plugin pinoutandconfiguration
2026-04-23 17:00:42,318 [INFO] PluginManage:359 - Loaded plugin pinoutandconfiguration (category:base,tabindex:1)
2026-04-23 17:00:42,318 [INFO] PluginManage:310 - Check plugin pinoutconfig
2026-04-23 17:00:42,465 [WARN] SupportedApi:132 - Cannot load RTOS API schema: s4s-elt-must-match.1: The content of 'definitions' must match (annotation?, (simpleType | complexType)?, (unique | key | keyref)*)). A problem was found starting at: attribute.
2026-04-23 17:00:42,669 [INFO] PluginManage:359 - Loaded plugin pinoutconfig (category:base,tabindex:0)
2026-04-23 17:00:42,669 [INFO] PluginManage:310 - Check plugin power
2026-04-23 17:00:42,683 [INFO] PluginManage:359 - Loaded plugin power (category:power,tabindex:4)
2026-04-23 17:00:42,684 [INFO] PluginManage:310 - Check plugin projectmanager
2026-04-23 17:00:42,705 [INFO] PluginManage:359 - Loaded plugin projectmanager (category:projectmanager,tabindex:4)
2026-04-23 17:00:42,705 [INFO] PluginManage:310 - Check plugin rif
2026-04-23 17:00:42,721 [INFO] PluginManage:359 - Loaded plugin rif (category:base,tabindex:3)
2026-04-23 17:00:42,721 [INFO] PluginManage:310 - Check plugin thirdparty
2026-04-23 17:00:42,968 [WARN] IntegrityCheckThread:84 - waiting for thirdparty lock release [integrity check]
2026-04-23 17:00:42,968 [INFO] PluginManage:359 - Loaded plugin thirdparty (category:base,tabindex:-1)
2026-04-23 17:00:42,968 [INFO] IntegrityCheckThread:86 - entering critical section [integrity check]
2026-04-23 17:00:42,968 [INFO] PluginManage:310 - Check plugin tools
2026-04-23 17:00:42,968 [INFO] ThirdPartyUpdaterWithRetryManager:70 - Updater plugin not ready yet. [1/15]
2026-04-23 17:00:42,973 [INFO] PluginManage:359 - Loaded plugin tools (category:base,tabindex:7)
2026-04-23 17:00:42,973 [INFO] PluginManage:310 - Check plugin tutovideos
2026-04-23 17:00:43,347 [INFO] PluginManage:359 - Loaded plugin tutovideos (category:base,tabindex:-1)
2026-04-23 17:00:43,347 [INFO] PluginManage:310 - Check plugin updater
2026-04-23 17:00:43,456 [INFO] PluginManage:359 - Loaded plugin updater (category:base,tabindex:12)
2026-04-23 17:00:43,457 [INFO] PluginManage:310 - Check plugin userauth
2026-04-23 17:00:43,469 [INFO] UserAuth:118 - Init User Auth plugin
2026-04-23 17:00:43,470 [INFO] PluginManage:359 - Loaded plugin userauth (category:base,tabindex:14)
2026-04-23 17:00:43,471 [INFO] PluginManage:283 - PluginManage : Loaded plugins [18]
2026-04-23 17:00:43,814 [INFO] PinOutPanel:1589 - setPackage(No Configuration,No Configuration)
2026-04-23 17:00:43,931 [INFO] CADModel:165 - CPN selected for project level
2026-04-23 17:00:43,931 [INFO] CADModel:114 - Register for checkConnection events
2026-04-23 17:00:43,959 [INFO] IPUIPlugin:80 - create IPUIPlugin
2026-04-23 17:00:43,959 [INFO] PluginManager:220 - loadIPPluginJar : add adc
2026-04-23 17:00:43,963 [INFO] IPUIPlugin:80 - create IPUIPlugin
2026-04-23 17:00:43,963 [INFO] PluginManager:220 - loadIPPluginJar : add aes
2026-04-23 17:00:43,966 [INFO] IPUIPlugin:80 - create IPUIPlugin
2026-04-23 17:00:43,966 [INFO] PluginManager:220 - loadIPPluginJar : add can
2026-04-23 17:00:43,970 [INFO] IPUIPlugin:80 - create IPUIPlugin
2026-04-23 17:00:43,970 [INFO] PluginManager:220 - loadIPPluginJar : add comp
2026-04-23 17:00:43,974 [INFO] IPUIPlugin:80 - create IPUIPlugin
2026-04-23 17:00:43,974 [INFO] PluginManager:220 - loadIPPluginJar : add cryp
2026-04-23 17:00:43,979 [INFO] IPUIPlugin:80 - create IPUIPlugin
2026-04-23 17:00:43,979 [INFO] PluginManager:220 - loadIPPluginJar : add ddr_ctrl_phy
2026-04-23 17:00:43,982 [INFO] IPUIPlugin:80 - create IPUIPlugin
2026-04-23 17:00:43,982 [INFO] PluginManager:220 - loadIPPluginJar : add dfsdm
2026-04-23 17:00:43,990 [INFO] IPUIPlugin:80 - create IPUIPlugin
2026-04-23 17:00:43,990 [INFO] PluginManager:220 - loadIPPluginJar : add dma
2026-04-23 17:00:43,993 [INFO] IPUIPlugin:80 - create IPUIPlugin
2026-04-23 17:00:43,993 [INFO] PluginManager:220 - loadIPPluginJar : add dma3
2026-04-23 17:00:43,997 [INFO] IPUIPlugin:80 - create IPUIPlugin
2026-04-23 17:00:43,998 [INFO] PluginManager:220 - loadIPPluginJar : add extmemmanager
2026-04-23 17:00:44,000 [INFO] IPUIPlugin:80 - create IPUIPlugin
2026-04-23 17:00:44,000 [INFO] PluginManager:220 - loadIPPluginJar : add fatfs
2026-04-23 17:00:44,005 [INFO] IPUIPlugin:80 - create IPUIPlugin
2026-04-23 17:00:44,006 [INFO] PluginManager:220 - loadIPPluginJar : add fmc
2026-04-23 17:00:44,073 [INFO] IPUIPlugin:80 - create IPUIPlugin
2026-04-23 17:00:44,074 [INFO] PluginManager:220 - loadIPPluginJar : add freertos
2026-04-23 17:00:44,077 [INFO] IPUIPlugin:80 - create IPUIPlugin
2026-04-23 17:00:44,078 [INFO] PluginManager:220 - loadIPPluginJar : add genericplugin
2026-04-23 17:00:44,085 [INFO] IPUIPlugin:80 - create IPUIPlugin
2026-04-23 17:00:44,085 [INFO] PluginManager:220 - loadIPPluginJar : add gfxmmu
2026-04-23 17:00:44,092 [INFO] IPUIPlugin:80 - create IPUIPlugin
2026-04-23 17:00:44,092 [INFO] PluginManager:220 - loadIPPluginJar : add gic
2026-04-23 17:00:44,104 [INFO] IPUIPlugin:80 - create IPUIPlugin
2026-04-23 17:00:44,104 [INFO] PluginManager:220 - loadIPPluginJar : add gpio
2026-04-23 17:00:44,136 [INFO] IPUIPlugin:80 - create IPUIPlugin
2026-04-23 17:00:44,137 [INFO] PluginManager:220 - loadIPPluginJar : add gtzc
2026-04-23 17:00:44,144 [INFO] IPUIPlugin:80 - create IPUIPlugin
2026-04-23 17:00:44,144 [INFO] PluginManager:220 - loadIPPluginJar : add hash
2026-04-23 17:00:44,155 [INFO] IPUIPlugin:80 - create IPUIPlugin
2026-04-23 17:00:44,155 [INFO] PluginManager:220 - loadIPPluginJar : add i2c
2026-04-23 17:00:44,159 [INFO] IPUIPlugin:80 - create IPUIPlugin
2026-04-23 17:00:44,159 [INFO] PluginManager:220 - loadIPPluginJar : add i2s
2026-04-23 17:00:44,165 [INFO] IPUIPlugin:80 - create IPUIPlugin
2026-04-23 17:00:44,165 [INFO] PluginManager:220 - loadIPPluginJar : add i3c
2026-04-23 17:00:44,172 [INFO] IPUIPlugin:80 - create IPUIPlugin
2026-04-23 17:00:44,174 [INFO] PluginManager:220 - loadIPPluginJar : add ipddr
2026-04-23 17:00:44,186 [INFO] IPUIPlugin:80 - create IPUIPlugin
2026-04-23 17:00:44,187 [INFO] PluginManager:220 - loadIPPluginJar : add linkedlist
2026-04-23 17:00:44,194 [INFO] IPUIPlugin:80 - create IPUIPlugin
2026-04-23 17:00:44,194 [INFO] PluginManager:220 - loadIPPluginJar : add lorawan
2026-04-23 17:00:44,198 [INFO] IPUIPlugin:80 - create IPUIPlugin
2026-04-23 17:00:44,198 [INFO] PluginManager:220 - loadIPPluginJar : add ltdc
2026-04-23 17:00:44,213 [INFO] IPUIPlugin:80 - create IPUIPlugin
2026-04-23 17:00:44,214 [INFO] PluginManager:220 - loadIPPluginJar : add mdma
2026-04-23 17:00:44,225 [INFO] IPUIPlugin:80 - create IPUIPlugin
2026-04-23 17:00:44,226 [INFO] PluginManager:220 - loadIPPluginJar : add nvic
2026-04-23 17:00:44,234 [INFO] IPUIPlugin:80 - create IPUIPlugin
2026-04-23 17:00:44,235 [INFO] PluginManager:220 - loadIPPluginJar : add opamp
2026-04-23 17:00:44,241 [INFO] IPUIPlugin:80 - create IPUIPlugin
2026-04-23 17:00:44,242 [INFO] PluginManager:220 - loadIPPluginJar : add openamp
2026-04-23 17:00:44,248 [INFO] IPUIPlugin:80 - create IPUIPlugin
2026-04-23 17:00:44,248 [INFO] PluginManager:220 - loadIPPluginJar : add pdm2pcm
2026-04-23 17:00:44,260 [INFO] IPUIPlugin:80 - create IPUIPlugin
2026-04-23 17:00:44,264 [INFO] PluginManager:220 - loadIPPluginJar : add plateformsettings
2026-04-23 17:00:44,269 [INFO] IPUIPlugin:80 - create IPUIPlugin
2026-04-23 17:00:44,269 [INFO] PluginManager:220 - loadIPPluginJar : add quadspi
2026-04-23 17:00:44,273 [INFO] IPUIPlugin:80 - create IPUIPlugin
2026-04-23 17:00:44,275 [INFO] PluginManager:220 - loadIPPluginJar : add radio
2026-04-23 17:00:44,282 [INFO] IPUIPlugin:80 - create IPUIPlugin
2026-04-23 17:00:44,282 [INFO] PluginManager:220 - loadIPPluginJar : add resmgrutility
2026-04-23 17:00:44,288 [INFO] IPUIPlugin:80 - create IPUIPlugin
2026-04-23 17:00:44,288 [INFO] PluginManager:220 - loadIPPluginJar : add sai
2026-04-23 17:00:44,292 [INFO] IPUIPlugin:80 - create IPUIPlugin
2026-04-23 17:00:44,292 [INFO] PluginManager:220 - loadIPPluginJar : add spi
2026-04-23 17:00:44,302 [INFO] IPUIPlugin:80 - create IPUIPlugin
2026-04-23 17:00:44,302 [INFO] PluginManager:220 - loadIPPluginJar : add stm32_wpan
2026-04-23 17:00:44,304 [INFO] IPUIPlugin:80 - create IPUIPlugin
2026-04-23 17:00:44,305 [INFO] PluginManager:220 - loadIPPluginJar : add tim
2026-04-23 17:00:44,309 [INFO] IPUIPlugin:80 - create IPUIPlugin
2026-04-23 17:00:44,309 [INFO] PluginManager:220 - loadIPPluginJar : add touchsensing
2026-04-23 17:00:44,313 [INFO] IPUIPlugin:80 - create IPUIPlugin
2026-04-23 17:00:44,313 [INFO] PluginManager:220 - loadIPPluginJar : add tracer_emb
2026-04-23 17:00:44,317 [INFO] IPUIPlugin:80 - create IPUIPlugin
2026-04-23 17:00:44,317 [INFO] PluginManager:220 - loadIPPluginJar : add ts
2026-04-23 17:00:44,319 [INFO] IPUIPlugin:80 - create IPUIPlugin
2026-04-23 17:00:44,319 [INFO] PluginManager:220 - loadIPPluginJar : add tsc
2026-04-23 17:00:44,322 [INFO] IPUIPlugin:80 - create IPUIPlugin
2026-04-23 17:00:44,322 [INFO] PluginManager:220 - loadIPPluginJar : add ucpd
2026-04-23 17:00:44,326 [INFO] IPUIPlugin:80 - create IPUIPlugin
2026-04-23 17:00:44,326 [INFO] PluginManager:220 - loadIPPluginJar : add usart
2026-04-23 17:00:44,332 [INFO] IPUIPlugin:80 - create IPUIPlugin
2026-04-23 17:00:44,332 [INFO] PluginManager:220 - loadIPPluginJar : add usbx
2026-04-23 17:00:44,466 [FATAL] Updater:351 - Updater called before beeing initialized
2026-04-23 17:00:44,512 [INFO] RulesReader:64 - Compatibility file has been processed (317 Rules)
2026-04-23 17:00:44,523 [INFO] RulesReader:64 - Compatibility file has been processed (317 Rules)
2026-04-23 17:00:44,553 [INFO] CADModel:165 - CPN selected for project level
2026-04-23 17:00:44,557 [INFO] CADModel:114 - Register for checkConnection events
2026-04-23 17:00:44,557 [FATAL] Updater:351 - Updater called before beeing initialized
2026-04-23 17:00:44,557 [ERROR] CADModel:125 - Updater not yet initialized, retry later 
2026-04-23 17:00:44,873 [FATAL] Updater:351 - Updater called before beeing initialized
2026-04-23 17:00:44,906 [INFO] CADModel:165 - CPN selected for project level
2026-04-23 17:00:44,906 [INFO] CADModel:114 - Register for checkConnection events
2026-04-23 17:00:44,907 [FATAL] Updater:351 - Updater called before beeing initialized
2026-04-23 17:00:44,907 [ERROR] CADModel:125 - Updater not yet initialized, retry later 
2026-04-23 17:00:44,913 [FATAL] Updater:351 - Updater called before beeing initialized
2026-04-23 17:00:45,057 [FATAL] Updater:351 - Updater called before beeing initialized
2026-04-23 17:00:45,061 [INFO] DbMcusAds:53 - JSON generation date=Fri Apr 10 02:19:02 PDT 2026 (1775812742310)
2026-04-23 17:00:45,061 [FATAL] Updater:351 - Updater called before beeing initialized
2026-04-23 17:00:45,107 [WARN] DetailPanel:346 - Failed to get advertising image, set to default
2026-04-23 17:00:45,217 [FATAL] Updater:351 - Updater called before beeing initialized
2026-04-23 17:00:45,219 [FATAL] Updater:351 - Updater called before beeing initialized
2026-04-23 17:00:45,220 [FATAL] Updater:351 - Updater called before beeing initialized
2026-04-23 17:00:45,220 [WARN] DetailPanel:346 - Failed to get advertising image, set to default
2026-04-23 17:00:45,221 [FATAL] Updater:351 - Updater called before beeing initialized
2026-04-23 17:00:45,279 [ERROR] Updater:1198 - MainUpdater not yet initialized. External WinMGr cannot be set.
2026-04-23 17:00:45,282 [INFO] Updater:1134 - Updater Version found : 6.15.0
2026-04-23 17:00:45,308 [INFO] ApplicationProperties:184 - Using Application install path: C:\ST\STM32CubeIDE_1.19.0\STM32CubeIDE\plugins\com.st.stm32cube.common.mx_6.15.0.202507011659
2026-04-23 17:00:45,970 [INFO] ThirdPartyUpdaterWithRetryManager:70 - Updater plugin not ready yet. [2/15]
2026-04-23 17:00:46,907 [ERROR] LogOutputStream:75 - [STDERR_REDIRECT] Apr 23, 2026 5:00:46 PM java.util.prefs.WindowsPreferences <init>
2026-04-23 17:00:46,910 [ERROR] LogOutputStream:75 - [STDERR_REDIRECT] WARNING: Could not open/create prefs root node Software\JavaSoft\Prefs at root 0xffffffff80000002. Windows RegCreateKeyEx(...) returned error code 5.
2026-04-23 17:00:46,910 [ERROR] LogOutputStream:75 - [STDERR_REDIRECT] 
2026-04-23 17:00:47,424 [INFO] MainUpdater:2872 - connection check result : 10
2026-04-23 17:00:47,425 [INFO] MainUpdater:289 - Updater Check For Update Now.
2026-04-23 17:00:47,425 [INFO] MicroXplorer:498 - Change Database Version : DB.6.0.150
2026-04-23 17:00:47,501 [INFO] McuFinderGlobals:63 - Set McuFinder mode to 2 (CubeIDE integrated)
2026-04-23 17:00:47,501 [INFO] UserAuth:171 - activating auth plugin
2026-04-23 17:00:47,505 [INFO] UserAuth:487 - Internet connection configuration mode: 1
2026-04-23 17:00:47,554 [INFO] JxBrowserEngine:152 - Initiate JxBrowser Engine with user profile folder
2026-04-23 17:00:47,664 [INFO] CheckServerUpdateThread:120 - End of CheckServer Thread
2026-04-23 17:00:48,605 [INFO] WebApp:169 - Instantiating new browser for Auth
2026-04-23 17:00:49,759 [WARN] PackLoader:240 - Cannot read IP mode file for STMicroelectronics.X-CUBE-AZRTOS-H7.3.5.0
2026-04-23 17:00:49,780 [WARN] PackLoader:240 - Cannot read IP mode file for STMicroelectronics.FP-SNS-MOTENVWB1.1.4.0
2026-04-23 17:00:49,793 [WARN] PackLoader:240 - Cannot read IP mode file for STMicroelectronics.FP-ATR-ASTRA1.2.0.2
2026-04-23 17:00:49,825 [WARN] PackLoader:240 - Cannot read IP mode file for STMicroelectronics.X-CUBE-SMBUS.2.1.0
2026-04-23 17:00:49,836 [WARN] PackLoader:240 - Cannot read IP mode file for STMicroelectronics.X-CUBE-ST60.1.0.0
2026-04-23 17:00:49,877 [WARN] PackLoader:240 - Cannot read IP mode file for STMicroelectronics.X-CUBE-AZRTOS-F7.1.1.0
2026-04-23 17:00:49,895 [WARN] PackLoader:240 - Cannot read IP mode file for STMicroelectronics.FP-SNS-MOTENV1.5.1.0
2026-04-23 17:00:49,940 [WARN] PackLoader:240 - Cannot read IP mode file for Infineon.AIROC-Wi-Fi-Bluetooth-STM32.1.7.1
2026-04-23 17:00:49,987 [WARN] PackLoader:240 - Cannot read IP mode file for STMicroelectronics.X-CUBE-AZRTOS-H7.3.4.0
2026-04-23 17:00:50,008 [WARN] PackLoader:240 - Cannot read IP mode file for STMicroelectronics.X-CUBE-DISPLAY.3.0.0
2026-04-23 17:00:50,022 [WARN] PackLoader:240 - Cannot read IP mode file for STMicroelectronics.FP-SNS-MOTENVWB1.1.5.0
2026-04-23 17:00:50,041 [WARN] PackLoader:240 - Cannot read IP mode file for STMicroelectronics.X-CUBE-NFC10.1.0.0
2026-04-23 17:00:50,052 [WARN] PackLoader:240 - Cannot read IP mode file for STMicroelectronics.X-CUBE-ST60.1.1.0
2026-04-23 17:00:50,067 [WARN] PackLoader:240 - Cannot read IP mode file for emotas.I-CUBE-CANOPEN.1.3.0
2026-04-23 17:00:50,093 [WARN] PackLoader:240 - Cannot read IP mode file for STMicroelectronics.X-CUBE-GNSS1.7.1.0
2026-04-23 17:00:50,120 [WARN] PackLoader:240 - Cannot read IP mode file for STMicroelectronics.FP-SNS-STBOX1.2.1.0
2026-04-23 17:00:50,138 [WARN] PackLoader:240 - Cannot read IP mode file for STMicroelectronics.FP-SNS-SMARTAG2.1.2.0
2026-04-23 17:00:50,164 [WARN] PackLoader:240 - Cannot read IP mode file for STMicroelectronics.FP-SNS-FLIGHT1.5.1.0
2026-04-23 17:00:50,196 [INFO] LogOutputStream:77 - [STDOUT_REDIRECT] 1 : Invalid condition id : UX_CORESTACK_Condition cause : null
2026-04-23 17:00:50,202 [INFO] LogOutputStream:77 - [STDOUT_REDIRECT] 1 : Invalid condition id : UX_CORESTACK_Condition cause : null
2026-04-23 17:00:50,205 [INFO] LogOutputStream:77 - [STDOUT_REDIRECT] 1 : Invalid condition id : UX_CORESTACK_Condition cause : null
2026-04-23 17:00:50,208 [INFO] LogOutputStream:77 - [STDOUT_REDIRECT] 1 : Invalid condition id : UX_CORESTACK_Condition cause : null
2026-04-23 17:00:50,211 [INFO] LogOutputStream:77 - [STDOUT_REDIRECT] 1 : Invalid condition id : UX_CORESTACK_Condition cause : null
2026-04-23 17:00:50,220 [WARN] PackLoader:240 - Cannot read IP mode file for STMicroelectronics.X-CUBE-AZRTOS-WL.2.0.0
2026-04-23 17:00:50,237 [WARN] PackLoader:240 - Cannot read IP mode file for STMicroelectronics.FP-SNS-MOTENV1.5.0.0
2026-04-23 17:00:50,274 [WARN] PackLoader:240 - Cannot read IP mode file for STMicroelectronics.X-CUBE-AZRTOS-H7RS.1.2.0
2026-04-23 17:00:50,294 [WARN] PackLoader:240 - Cannot read IP mode file for WES.I-CUBE-Cesium.1.3.0
2026-04-23 17:00:50,309 [WARN] PackLoader:240 - Cannot read IP mode file for STMicroelectronics.X-CUBE-BLE2.3.3.0
2026-04-23 17:00:50,361 [WARN] PackLoader:240 - Cannot read IP mode file for STMicroelectronics.X-CUBE-NFC9.1.0.0
2026-04-23 17:00:50,379 [WARN] PackLoader:240 - Cannot read IP mode file for wolfSSL.I-CUBE-wolfSSL.5.8.2
2026-04-23 17:00:50,388 [WARN] PackLoader:240 - Cannot read IP mode file for STMicroelectronics.X-CUBE-BLE1.7.1.0
2026-04-23 17:00:50,399 [WARN] PackLoader:240 - Cannot read IP mode file for wolfSSL.I-CUBE-wolfMQTT.1.19.2
2026-04-23 17:00:50,410 [WARN] PackLoader:240 - Cannot read IP mode file for STMicroelectronics.X-CUBE-FREERTOS.1.4.0
2026-04-23 17:00:50,421 [WARN] PackLoader:240 - Cannot read IP mode file for STMicroelectronics.X-CUBE-EEPRMA1.5.2.0
2026-04-23 17:00:50,437 [WARN] PackLoader:240 - Cannot read IP mode file for STMicroelectronics.X-CUBE-ST67W61.1.1.0
2026-04-23 17:00:50,448 [WARN] PackLoader:240 - Cannot read IP mode file for STMicroelectronics.X-CUBE-AI.10.1.0
2026-04-23 17:00:50,462 [WARN] PackLoader:240 - Cannot read IP mode file for STMicroelectronics.FP-SNS-STAIOTCFT.1.1.0
2026-04-23 17:00:50,522 [WARN] PackLoader:240 - Cannot read IP mode file for STMicroelectronics.X-CUBE-MEMS1.12.0.0
2026-04-23 17:00:50,554 [INFO] WebApp:463 - Apply proxy settings
2026-04-23 17:00:50,555 [INFO] WebApp:548 - Chromium requires no authentication
2026-04-23 17:00:50,585 [INFO] WebApp:491 - Direct internet connection detected
2026-04-23 17:00:50,635 [INFO] WebApp:900 - Register for checkConnection events
2026-04-23 17:00:50,636 [INFO] WebApp:463 - Apply proxy settings
2026-04-23 17:00:50,637 [INFO] WebApp:548 - Chromium requires no authentication
2026-04-23 17:00:50,671 [INFO] WebApp:491 - Direct internet connection detected
2026-04-23 17:00:50,704 [WARN] PackLoader:240 - Cannot read IP mode file for STMicroelectronics.X-CUBE-AZRTOS-G0.1.1.0
2026-04-23 17:00:50,719 [WARN] PackLoader:240 - Cannot read IP mode file for STMicroelectronics.X-CUBE-SAFEA1.1.2.2
2026-04-23 17:00:50,732 [WARN] PackLoader:240 - Cannot read IP mode file for STMicroelectronics.X-CUBE-NFC4.3.0.0
2026-04-23 17:00:50,749 [WARN] PackLoader:240 - Cannot read IP mode file for EmbeddedOffice.I-CUBE-FS-RTOS.1.0.1
2026-04-23 17:00:50,760 [WARN] PackLoader:240 - Cannot read IP mode file for STMicroelectronics.X-CUBE-WB05N.2.0.0
2026-04-23 17:00:50,769 [WARN] PackLoader:240 - Cannot read IP mode file for wolfSSL.I-CUBE-wolfTPM.3.8.0
2026-04-23 17:00:50,778 [WARN] PackLoader:240 - Cannot read IP mode file for STMicroelectronics.X-CUBE-TCPP.4.2.0
2026-04-23 17:00:50,789 [WARN] PackLoader:240 - Cannot read IP mode file for RealThread.X-CUBE-RT-Thread_Nano.4.1.1
2026-04-23 17:00:50,796 [WARN] PackLoader:240 - Cannot read IP mode file for STMicroelectronics.FP-ATR-SIGFOX1.3.2.0
2026-04-23 17:00:50,806 [WARN] PackLoader:240 - Cannot read IP mode file for STMicroelectronics.X-CUBE-FREERTOS.1.5.0
2026-04-23 17:00:50,817 [WARN] PackLoader:240 - Cannot read IP mode file for ITTIA_DB.I-CUBE-ITTIADB.8.9.0
2026-04-23 17:00:50,827 [WARN] PackLoader:240 - Cannot read IP mode file for STMicroelectronics.X-CUBE-NFC6.3.2.0
2026-04-23 17:00:50,841 [WARN] PackLoader:240 - Cannot read IP mode file for STMicroelectronics.X-CUBE-ST67W61.1.0.0
2026-04-23 17:00:50,849 [WARN] PackLoader:240 - Cannot read IP mode file for STMicroelectronics.X-CUBE-AI.10.2.0
2026-04-23 17:00:50,901 [WARN] PackLoader:240 - Cannot read IP mode file for SEGGER.I-CUBE-embOS.1.3.1
2026-04-23 17:00:50,966 [WARN] PackLoader:240 - Cannot read IP mode file for STMicroelectronics.X-CUBE-ALGOBUILD.1.4.0
2026-04-23 17:00:51,004 [INFO] WebApp:191 - Connection restablished
2026-04-23 17:00:51,023 [WARN] PackLoader:240 - Cannot read IP mode file for STMicroelectronics.X-CUBE-MEMS1.11.3.0
2026-04-23 17:00:51,264 [WARN] PackLoader:240 - Cannot read IP mode file for STMicroelectronics.X-CUBE-PM33A1.1.0.0
2026-04-23 17:00:51,293 [WARN] PackLoader:240 - Cannot read IP mode file for STMicroelectronics.X-CUBE-AZRTOS-F4.1.1.0
2026-04-23 17:00:51,308 [WARN] PackLoader:240 - Cannot read IP mode file for Avnet-IotConnect.X-CUBE-IoTC-DA16k-PMOD.1.0.0
2026-04-23 17:00:51,319 [WARN] PackLoader:240 - Cannot read IP mode file for STMicroelectronics.X-CUBE-ISPU.2.1.0
2026-04-23 17:00:51,345 [WARN] PackLoader:240 - Cannot read IP mode file for STMicroelectronics.X-CUBE-IPS.3.2.0
2026-04-23 17:00:51,364 [WARN] PackLoader:240 - Cannot read IP mode file for STMicroelectronics.eDS-WB_DPC_TT-BIDIR.2.1.1
2026-04-23 17:00:51,376 [WARN] PackLoader:240 - Cannot read IP mode file for STMicroelectronics.X-CUBE-NFC12.1.0.0
2026-04-23 17:00:51,393 [INFO] WebApp:225 - Starting web application
2026-04-23 17:00:51,394 [INFO] WebApp:593 - Web application path used C:\ST\STM32CubeIDE_1.19.0\STM32CubeIDE\plugins\com.st.stm32cube.common.mx_6.15.0.202507011659\db\plugins\mcufinder\reactClient1\index.html
2026-04-23 17:00:51,404 [WARN] PackLoader:240 - Cannot read IP mode file for STMicroelectronics.X-CUBE-AZRTOS-L5.2.0.0
2026-04-23 17:00:51,420 [WARN] PackLoader:240 - Cannot read IP mode file for STMicroelectronics.X-CUBE-NFC6.3.1.0
2026-04-23 17:00:51,432 [WARN] PackLoader:240 - Cannot read IP mode file for STMicroelectronics.eDS-WB_DPC_VIENNA.1.2.0
2026-04-23 17:00:51,441 [WARN] PackLoader:240 - Cannot read IP mode file for STMicroelectronics.eDS-WB_DPC_3PH2L-BIDIR.1.1.1
2026-04-23 17:00:51,450 [ERROR] Engine:466 - C:\Users\marin\.stm32cubemx\thirdparties\pdsc\STMicroelectronics.X-CUBE-ST67W61.1.3.0.pdsc: PDSC version is not supported
2026-04-23 17:00:51,461 [WARN] PackLoader:240 - Cannot read IP mode file for STMicroelectronics.X-CUBE-FREERTOS.1.3.1
2026-04-23 17:00:51,474 [WARN] PackLoader:240 - Cannot read IP mode file for STMicroelectronics.X-CUBE-TOUCHGFX.4.26.0
2026-04-23 17:00:51,480 [WARN] PackLoader:240 - Cannot read IP mode file for STMicroelectronics.X-CUBE-TOUCHGFX.4.26.1
2026-04-23 17:00:51,490 [WARN] PackLoader:240 - Cannot read IP mode file for STMicroelectronics.FP-SNS-STAIOTCFT.1.0.0
2026-04-23 17:00:51,504 [WARN] PackLoader:240 - Cannot read IP mode file for STMicroelectronics.X-CUBE-DPower.1.3.0
2026-04-23 17:00:51,535 [WARN] ConditionMgr:438 - getConditionDescription Invalid condition id : LAN8742 Phy interface Condition cause : null
2026-04-23 17:00:51,536 [WARN] PackLoader:240 - Cannot read IP mode file for STMicroelectronics.X-CUBE-AZRTOS-L4.2.0.0
2026-04-23 17:00:51,539 [WARN] ConditionMgr:1044 - genDependencies : Invalid condition id : LAN8742 Phy interface Condition cause : null
2026-04-23 17:00:51,540 [WARN] ConditionMgr:1044 - genDependencies : Invalid condition id : LAN8742 Phy interface Condition cause : null
2026-04-23 17:00:51,541 [WARN] ConditionMgr:1044 - genDependencies : Invalid condition id : LAN8742 Phy interface Condition cause : null
2026-04-23 17:00:51,556 [WARN] PackLoader:240 - Cannot read IP mode file for STMicroelectronics.X-CUBE-SFXS2LP1.4.0.0
2026-04-23 17:00:51,569 [WARN] PackLoader:240 - Cannot read IP mode file for STMicroelectronics.X-CUBE-WB05N.2.1.0
2026-04-23 17:00:51,582 [WARN] PackLoader:240 - Cannot read IP mode file for STMicroelectronics.X-CUBE-ST67W61.1.2.0
2026-04-23 17:00:51,603 [WARN] PackLoader:240 - Cannot read IP mode file for STMicroelectronics.X-CUBE-BLEMGR.4.1.0
2026-04-23 17:00:51,629 [WARN] ConditionMgr:438 - getConditionDescription Invalid condition id : UX DEVICE CLASS RTOS Condition cause : null
2026-04-23 17:00:51,630 [WARN] ConditionMgr:438 - getConditionDescription Invalid condition id : UX DEVICE CLASS RTOS Condition cause : null
2026-04-23 17:00:51,633 [WARN] PackLoader:240 - Cannot read IP mode file for STMicroelectronics.X-CUBE-AZRTOS-WB.2.0.0
2026-04-23 17:00:51,635 [WARN] ConditionMgr:1044 - genDependencies : Invalid condition id : UX DEVICE CLASS RTOS Condition cause : null
2026-04-23 17:00:51,635 [WARN] ConditionMgr:1044 - genDependencies : Invalid condition id : UX DEVICE CLASS RTOS Condition cause : null
2026-04-23 17:00:51,636 [WARN] ConditionMgr:1044 - genDependencies : Invalid condition id : UX DEVICE CLASS RTOS Condition cause : null
2026-04-23 17:00:51,637 [WARN] ConditionMgr:1044 - genDependencies : Invalid condition id : UX DEVICE CLASS RTOS Condition cause : null
2026-04-23 17:00:51,637 [WARN] ConditionMgr:1044 - genDependencies : Invalid condition id : UX DEVICE CLASS RTOS Condition cause : null
2026-04-23 17:00:51,650 [WARN] PackLoader:240 - Cannot read IP mode file for STMicroelectronics.X-CUBE-GNSS1.7.0.1
2026-04-23 17:00:51,661 [WARN] PackLoader:240 - Cannot read IP mode file for STMicroelectronics.X-CUBE-TOUCHGFX.4.25.0
2026-04-23 17:00:51,683 [WARN] PackLoader:240 - Cannot read IP mode file for STMicroelectronics.FP-SNS-STBOX1.2.0.0
2026-04-23 17:00:51,711 [WARN] ConditionMgr:438 - getConditionDescription Invalid condition id : Cortex-A Device cause : null
2026-04-23 17:00:51,732 [WARN] ConditionMgr:1044 - genDependencies : Invalid condition id : Cortex-A Device cause : null
2026-04-23 17:00:51,733 [WARN] ConditionMgr:1044 - genDependencies : Invalid condition id : Cortex-A Device cause : null
2026-04-23 17:00:51,733 [WARN] ConditionMgr:1044 - genDependencies : Invalid condition id : Cortex-A Device cause : null
2026-04-23 17:00:51,747 [WARN] PackLoader:240 - Cannot read IP mode file for STMicroelectronics.X-CUBE-STSE01.2.0.0
2026-04-23 17:00:51,770 [WARN] PackLoader:240 - Cannot read IP mode file for STMicroelectronics.X-CUBE-SUBG2.5.0.0
2026-04-23 17:00:51,834 [WARN] PackLoader:240 - Cannot read IP mode file for STMicroelectronics.X-CUBE-AZRTOS-H7RS.1.1.0
2026-04-23 17:00:51,854 [WARN] PackLoader:240 - Cannot read IP mode file for Cesanta.I-CUBE-Mongoose.7.13.0
2026-04-23 17:00:51,882 [WARN] PackLoader:240 - Cannot read IP mode file for STMicroelectronics.X-CUBE-AZRTOS-G4.2.0.0
2026-04-23 17:00:51,897 [WARN] PackLoader:240 - Cannot read IP mode file for wolfSSL.I-CUBE-wolfSSH.1.4.20
2026-04-23 17:00:51,909 [WARN] PackLoader:240 - Cannot read IP mode file for STMicroelectronics.X-CUBE-NFC7.2.0.0
2026-04-23 17:00:51,931 [WARN] PackLoader:240 - Cannot read IP mode file for STMicroelectronics.X-CUBE-IPS.3.1.0
2026-04-23 17:00:51,948 [WARN] PackLoader:240 - Cannot read IP mode file for STMicroelectronics.X-CUBE-ALS.1.0.2
2026-04-23 17:00:51,962 [WARN] PackLoader:240 - Cannot read IP mode file for STMicroelectronics.X-CUBE-STSE01.1.0.0
2026-04-23 17:00:51,975 [WARN] PackLoader:240 - Cannot read IP mode file for portGmbH.I-Cube-SoM-uGOAL.1.1.0
2026-04-23 17:00:51,996 [WARN] PackLoader:240 - Cannot read IP mode file for STMicroelectronics.X-CUBE-TOF1.3.4.3
2026-04-23 17:00:52,019 [INFO] ThirdParty:978 - Integrity check success = true
2026-04-23 17:00:52,019 [INFO] IntegrityCheckThread:100 - exiting critical section [integrity check]
2026-04-23 17:00:52,020 [INFO] IntegrityCheckThread:103 - End integrity checks thread
