2026-04-22 14:22:01,083 [INFO] Activator:176 - 


2026-04-22 14:22:01,087 [INFO] Activator:177 - !SESSION log4j initialized
2026-04-22 14:22:04,176 [INFO] LogOutputStream:77 - [STDOUT_REDIRECT] 
2026-04-22 14:22:05,729 [INFO] ApplicationProperties:184 - Using Application install path: C:\ST\STM32CubeIDE_1.19.0\STM32CubeIDE\plugins\com.st.stm32cube.common.mx_6.15.0.202507011659
2026-04-22 14:22:05,745 [INFO] DbMcusXml:78 - Set database path to: C:\ST\STM32CubeIDE_1.19.0\STM32CubeIDE\plugins\com.st.stm32cube.common.mx_6.15.0.202507011659\\db\/mcu/
2026-04-22 14:22:05,745 [INFO] ApiDb:274 - Set plugin database path to: C:\ST\STM32CubeIDE_1.19.0\STM32CubeIDE\plugins\com.st.stm32cube.common.mx_6.15.0.202507011659\\db\/plugins/boardmanager/
2026-04-22 14:22:05,746 [WARN] ApiDb:259 - Overriding images path with different value:  => C:\ST\STM32CubeIDE_1.19.0\STM32CubeIDE\plugins\com.st.stm32cube.common.mx_6.15.0.202507011659\\db\/plugins/mcufinder/images/
2026-04-22 14:22:05,750 [INFO] ApiDb:250 - Set database path to: C:\Users\marin\.stmcufinder\plugins\mcufinder//mcu/
2026-04-22 14:22:05,751 [INFO] DbMcusAds:125 - Set database path to: C:\Users\marin\.stmcufinder\plugins\mcufinder//mcu/
2026-04-22 14:22:05,753 [INFO] CrossReferenceDbSqlite:203 - Set database path to: C:\Users\marin\.stmcufinder\plugins\mcufinder//mcu/cs/
2026-04-22 14:22:05,865 [INFO] RulesReader:64 - Compatibility file has been processed (317 Rules)
2026-04-22 14:22:05,932 [INFO] DbMcusXml:78 - Set database path to: C:\ST\STM32CubeIDE_1.19.0\STM32CubeIDE\plugins\com.st.stm32cube.common.mx_6.15.0.202507011659\\db\/mcu/
2026-04-22 14:22:05,932 [INFO] ApiDb:274 - Set plugin database path to: C:\ST\STM32CubeIDE_1.19.0\STM32CubeIDE\plugins\com.st.stm32cube.common.mx_6.15.0.202507011659\\db\/plugins/boardmanager/
2026-04-22 14:22:05,933 [INFO] ApiDb:261 - Set plugin images path to: C:\ST\STM32CubeIDE_1.19.0\STM32CubeIDE\plugins\com.st.stm32cube.common.mx_6.15.0.202507011659\\db\/plugins/mcufinder/images/
2026-04-22 14:22:05,933 [WARN] DbFile:41 - Overriding database path with different value: C:\Users\marin\.stmcufinder\plugins\mcufinder/ => C:\Users\marin\.stmcufinder\plugins\mcufinder
2026-04-22 14:22:05,933 [INFO] ApiDb:250 - Set database path to: C:\Users\marin\.stmcufinder\plugins\mcufinder//mcu/
2026-04-22 14:22:05,933 [WARN] DbFile:41 - Overriding database path with different value: C:\Users\marin\.stmcufinder\plugins\mcufinder/ => C:\Users\marin\.stmcufinder\plugins\mcufinder
2026-04-22 14:22:05,933 [INFO] DbMcusAds:125 - Set database path to: C:\Users\marin\.stmcufinder\plugins\mcufinder//mcu/
2026-04-22 14:22:05,933 [WARN] DbFile:41 - Overriding database path with different value: C:\Users\marin\.stmcufinder\plugins\mcufinder/ => C:\Users\marin\.stmcufinder\plugins\mcufinder
2026-04-22 14:22:05,933 [WARN] DbFile:41 - Overriding database path with different value: C:\Users\marin\.stmcufinder\plugins\mcufinder/ => C:\Users\marin\.stmcufinder\plugins\mcufinder
2026-04-22 14:22:05,933 [INFO] CrossReferenceDbSqlite:203 - Set database path to: C:\Users\marin\.stmcufinder\plugins\mcufinder//mcu/cs/
2026-04-22 14:22:06,006 [INFO] MainPanel:274 - HeapMemory: 268435456
2026-04-22 14:22:06,115 [INFO] DbMcusXml:78 - Set database path to: C:\ST\STM32CubeIDE_1.19.0\STM32CubeIDE\plugins\com.st.stm32cube.common.mx_6.15.0.202507011659\\db\/mcu/
2026-04-22 14:22:06,115 [INFO] ApiDb:274 - Set plugin database path to: C:\ST\STM32CubeIDE_1.19.0\STM32CubeIDE\plugins\com.st.stm32cube.common.mx_6.15.0.202507011659\\db\/plugins/boardmanager/
2026-04-22 14:22:06,115 [INFO] ApiDb:261 - Set plugin images path to: C:\ST\STM32CubeIDE_1.19.0\STM32CubeIDE\plugins\com.st.stm32cube.common.mx_6.15.0.202507011659\\db\/plugins/mcufinder/images/
2026-04-22 14:22:06,115 [WARN] DbFile:41 - Overriding database path with different value: C:\Users\marin\.stmcufinder\plugins\mcufinder/ => C:\Users\marin\.stmcufinder\plugins\mcufinder
2026-04-22 14:22:06,116 [INFO] ApiDb:250 - Set database path to: C:\Users\marin\.stmcufinder\plugins\mcufinder//mcu/
2026-04-22 14:22:06,116 [WARN] DbFile:41 - Overriding database path with different value: C:\Users\marin\.stmcufinder\plugins\mcufinder/ => C:\Users\marin\.stmcufinder\plugins\mcufinder
2026-04-22 14:22:06,116 [INFO] DbMcusAds:125 - Set database path to: C:\Users\marin\.stmcufinder\plugins\mcufinder//mcu/
2026-04-22 14:22:06,116 [WARN] DbFile:41 - Overriding database path with different value: C:\Users\marin\.stmcufinder\plugins\mcufinder/ => C:\Users\marin\.stmcufinder\plugins\mcufinder
2026-04-22 14:22:06,116 [WARN] DbFile:41 - Overriding database path with different value: C:\Users\marin\.stmcufinder\plugins\mcufinder/ => C:\Users\marin\.stmcufinder\plugins\mcufinder
2026-04-22 14:22:06,116 [INFO] CrossReferenceDbSqlite:203 - Set database path to: C:\Users\marin\.stmcufinder\plugins\mcufinder//mcu/cs/
2026-04-22 14:22:06,132 [INFO] ApplicationProperties:184 - Using Application install path: C:\ST\STM32CubeIDE_1.19.0\STM32CubeIDE\plugins\com.st.stm32cube.common.mx_6.15.0.202507011659
2026-04-22 14:22:06,133 [INFO] PluginManage:196 - Search for loadable plugins [exclusion list=, ]
2026-04-22 14:22:06,135 [INFO] PluginManage:310 - Check plugin analytics
2026-04-22 14:22:06,269 [INFO] AnalyticsPlugin:253 - Accepted Software Licenses: 
2026-04-22 14:22:06,269 [INFO] AnalyticsPlugin:255 - Accepted CMSIS Pack Licenses: 
2026-04-22 14:22:06,270 [INFO] AnalyticsPlugin:257 - Accepted Firmware Licenses: 
2026-04-22 14:22:06,272 [INFO] PluginManage:359 - Loaded plugin analytics (category:tool,tabindex:-1)
2026-04-22 14:22:06,273 [INFO] PluginManage:310 - Check plugin cadmodel
2026-04-22 14:22:06,278 [INFO] CADModel:105 - Init CAD model plugin
2026-04-22 14:22:06,278 [INFO] PluginManage:359 - Loaded plugin cadmodel (category:power,tabindex:5)
2026-04-22 14:22:06,278 [INFO] PluginManage:310 - Check plugin clock
2026-04-22 14:22:06,286 [INFO] PluginManage:359 - Loaded plugin clock (category:base,tabindex:2)
2026-04-22 14:22:06,286 [INFO] PluginManage:310 - Check plugin ddr
2026-04-22 14:22:06,306 [INFO] PluginManage:359 - Loaded plugin ddr (category:tool,tabindex:6)
2026-04-22 14:22:06,306 [INFO] PluginManage:310 - Check plugin filemanager
2026-04-22 14:22:06,473 [INFO] PluginManage:359 - Loaded plugin filemanager (category:base,tabindex:10)
2026-04-22 14:22:06,473 [INFO] PluginManage:310 - Check plugin ipmanager
2026-04-22 14:22:06,479 [INFO] PluginManage:359 - Loaded plugin ipmanager (category:base,tabindex:5)
2026-04-22 14:22:06,479 [INFO] PluginManage:310 - Check plugin lpbam
2026-04-22 14:22:06,486 [INFO] PluginManage:359 - Loaded plugin lpbam (category:base,tabindex:0)
2026-04-22 14:22:06,487 [INFO] PluginManage:310 - Check plugin memorymap
2026-04-22 14:22:06,500 [INFO] PluginManage:359 - Loaded plugin memorymap (category:base,tabindex:4)
2026-04-22 14:22:06,500 [INFO] PluginManage:310 - Check plugin pinoutandconfiguration
2026-04-22 14:22:06,508 [INFO] PluginManage:359 - Loaded plugin pinoutandconfiguration (category:base,tabindex:1)
2026-04-22 14:22:06,508 [INFO] PluginManage:310 - Check plugin pinoutconfig
2026-04-22 14:22:06,593 [WARN] SupportedApi:132 - Cannot load RTOS API schema: s4s-elt-must-match.1: The content of 'definitions' must match (annotation?, (simpleType | complexType)?, (unique | key | keyref)*)). A problem was found starting at: attribute.
2026-04-22 14:22:06,732 [INFO] PluginManage:359 - Loaded plugin pinoutconfig (category:base,tabindex:0)
2026-04-22 14:22:06,732 [INFO] PluginManage:310 - Check plugin power
2026-04-22 14:22:06,738 [INFO] PluginManage:359 - Loaded plugin power (category:power,tabindex:4)
2026-04-22 14:22:06,739 [INFO] PluginManage:310 - Check plugin projectmanager
2026-04-22 14:22:06,754 [INFO] PluginManage:359 - Loaded plugin projectmanager (category:projectmanager,tabindex:4)
2026-04-22 14:22:06,755 [INFO] PluginManage:310 - Check plugin rif
2026-04-22 14:22:06,764 [INFO] PluginManage:359 - Loaded plugin rif (category:base,tabindex:3)
2026-04-22 14:22:06,765 [INFO] PluginManage:310 - Check plugin thirdparty
2026-04-22 14:22:06,919 [INFO] PluginManage:359 - Loaded plugin thirdparty (category:base,tabindex:-1)
2026-04-22 14:22:06,919 [WARN] IntegrityCheckThread:84 - waiting for thirdparty lock release [integrity check]
2026-04-22 14:22:06,920 [INFO] IntegrityCheckThread:86 - entering critical section [integrity check]
2026-04-22 14:22:06,920 [INFO] ThirdPartyUpdaterWithRetryManager:70 - Updater plugin not ready yet. [1/15]
2026-04-22 14:22:06,921 [INFO] PluginManage:310 - Check plugin tools
2026-04-22 14:22:06,923 [INFO] PluginManage:359 - Loaded plugin tools (category:base,tabindex:7)
2026-04-22 14:22:06,925 [INFO] PluginManage:310 - Check plugin tutovideos
2026-04-22 14:22:07,153 [INFO] PluginManage:359 - Loaded plugin tutovideos (category:base,tabindex:-1)
2026-04-22 14:22:07,153 [INFO] PluginManage:310 - Check plugin updater
2026-04-22 14:22:07,170 [INFO] PluginManage:359 - Loaded plugin updater (category:base,tabindex:12)
2026-04-22 14:22:07,170 [INFO] PluginManage:310 - Check plugin userauth
2026-04-22 14:22:07,174 [INFO] UserAuth:118 - Init User Auth plugin
2026-04-22 14:22:07,174 [INFO] PluginManage:359 - Loaded plugin userauth (category:base,tabindex:14)
2026-04-22 14:22:07,175 [INFO] PluginManage:283 - PluginManage : Loaded plugins [18]
2026-04-22 14:22:07,368 [INFO] PinOutPanel:1589 - setPackage(No Configuration,No Configuration)
2026-04-22 14:22:07,443 [INFO] CADModel:165 - CPN selected for project level
2026-04-22 14:22:07,444 [INFO] CADModel:114 - Register for checkConnection events
2026-04-22 14:22:07,459 [INFO] IPUIPlugin:80 - create IPUIPlugin
2026-04-22 14:22:07,459 [INFO] PluginManager:220 - loadIPPluginJar : add adc
2026-04-22 14:22:07,461 [INFO] IPUIPlugin:80 - create IPUIPlugin
2026-04-22 14:22:07,461 [INFO] PluginManager:220 - loadIPPluginJar : add aes
2026-04-22 14:22:07,464 [INFO] IPUIPlugin:80 - create IPUIPlugin
2026-04-22 14:22:07,464 [INFO] PluginManager:220 - loadIPPluginJar : add can
2026-04-22 14:22:07,466 [INFO] IPUIPlugin:80 - create IPUIPlugin
2026-04-22 14:22:07,466 [INFO] PluginManager:220 - loadIPPluginJar : add comp
2026-04-22 14:22:07,468 [INFO] IPUIPlugin:80 - create IPUIPlugin
2026-04-22 14:22:07,468 [INFO] PluginManager:220 - loadIPPluginJar : add cryp
2026-04-22 14:22:07,472 [INFO] IPUIPlugin:80 - create IPUIPlugin
2026-04-22 14:22:07,472 [INFO] PluginManager:220 - loadIPPluginJar : add ddr_ctrl_phy
2026-04-22 14:22:07,474 [INFO] IPUIPlugin:80 - create IPUIPlugin
2026-04-22 14:22:07,474 [INFO] PluginManager:220 - loadIPPluginJar : add dfsdm
2026-04-22 14:22:07,480 [INFO] IPUIPlugin:80 - create IPUIPlugin
2026-04-22 14:22:07,480 [INFO] PluginManager:220 - loadIPPluginJar : add dma
2026-04-22 14:22:07,482 [INFO] IPUIPlugin:80 - create IPUIPlugin
2026-04-22 14:22:07,482 [INFO] PluginManager:220 - loadIPPluginJar : add dma3
2026-04-22 14:22:07,484 [INFO] IPUIPlugin:80 - create IPUIPlugin
2026-04-22 14:22:07,484 [INFO] PluginManager:220 - loadIPPluginJar : add extmemmanager
2026-04-22 14:22:07,485 [INFO] IPUIPlugin:80 - create IPUIPlugin
2026-04-22 14:22:07,485 [INFO] PluginManager:220 - loadIPPluginJar : add fatfs
2026-04-22 14:22:07,489 [INFO] IPUIPlugin:80 - create IPUIPlugin
2026-04-22 14:22:07,489 [INFO] PluginManager:220 - loadIPPluginJar : add fmc
2026-04-22 14:22:07,495 [INFO] IPUIPlugin:80 - create IPUIPlugin
2026-04-22 14:22:07,496 [INFO] PluginManager:220 - loadIPPluginJar : add freertos
2026-04-22 14:22:07,498 [INFO] IPUIPlugin:80 - create IPUIPlugin
2026-04-22 14:22:07,498 [INFO] PluginManager:220 - loadIPPluginJar : add genericplugin
2026-04-22 14:22:07,501 [INFO] IPUIPlugin:80 - create IPUIPlugin
2026-04-22 14:22:07,501 [INFO] PluginManager:220 - loadIPPluginJar : add gfxmmu
2026-04-22 14:22:07,505 [INFO] IPUIPlugin:80 - create IPUIPlugin
2026-04-22 14:22:07,506 [INFO] PluginManager:220 - loadIPPluginJar : add gic
2026-04-22 14:22:07,510 [INFO] IPUIPlugin:80 - create IPUIPlugin
2026-04-22 14:22:07,510 [INFO] PluginManager:220 - loadIPPluginJar : add gpio
2026-04-22 14:22:07,513 [INFO] IPUIPlugin:80 - create IPUIPlugin
2026-04-22 14:22:07,513 [INFO] PluginManager:220 - loadIPPluginJar : add gtzc
2026-04-22 14:22:07,516 [INFO] IPUIPlugin:80 - create IPUIPlugin
2026-04-22 14:22:07,516 [INFO] PluginManager:220 - loadIPPluginJar : add hash
2026-04-22 14:22:07,518 [INFO] IPUIPlugin:80 - create IPUIPlugin
2026-04-22 14:22:07,519 [INFO] PluginManager:220 - loadIPPluginJar : add i2c
2026-04-22 14:22:07,521 [INFO] IPUIPlugin:80 - create IPUIPlugin
2026-04-22 14:22:07,521 [INFO] PluginManager:220 - loadIPPluginJar : add i2s
2026-04-22 14:22:07,523 [INFO] IPUIPlugin:80 - create IPUIPlugin
2026-04-22 14:22:07,524 [INFO] PluginManager:220 - loadIPPluginJar : add i3c
2026-04-22 14:22:07,528 [INFO] IPUIPlugin:80 - create IPUIPlugin
2026-04-22 14:22:07,529 [INFO] PluginManager:220 - loadIPPluginJar : add ipddr
2026-04-22 14:22:07,535 [INFO] IPUIPlugin:80 - create IPUIPlugin
2026-04-22 14:22:07,535 [INFO] PluginManager:220 - loadIPPluginJar : add linkedlist
2026-04-22 14:22:07,537 [INFO] IPUIPlugin:80 - create IPUIPlugin
2026-04-22 14:22:07,537 [INFO] PluginManager:220 - loadIPPluginJar : add lorawan
2026-04-22 14:22:07,538 [INFO] IPUIPlugin:80 - create IPUIPlugin
2026-04-22 14:22:07,539 [INFO] PluginManager:220 - loadIPPluginJar : add ltdc
2026-04-22 14:22:07,543 [INFO] IPUIPlugin:80 - create IPUIPlugin
2026-04-22 14:22:07,544 [INFO] PluginManager:220 - loadIPPluginJar : add mdma
2026-04-22 14:22:07,548 [INFO] IPUIPlugin:80 - create IPUIPlugin
2026-04-22 14:22:07,548 [INFO] PluginManager:220 - loadIPPluginJar : add nvic
2026-04-22 14:22:07,550 [INFO] IPUIPlugin:80 - create IPUIPlugin
2026-04-22 14:22:07,550 [INFO] PluginManager:220 - loadIPPluginJar : add opamp
2026-04-22 14:22:07,552 [INFO] IPUIPlugin:80 - create IPUIPlugin
2026-04-22 14:22:07,552 [INFO] PluginManager:220 - loadIPPluginJar : add openamp
2026-04-22 14:22:07,554 [INFO] IPUIPlugin:80 - create IPUIPlugin
2026-04-22 14:22:07,554 [INFO] PluginManager:220 - loadIPPluginJar : add pdm2pcm
2026-04-22 14:22:07,559 [INFO] IPUIPlugin:80 - create IPUIPlugin
2026-04-22 14:22:07,561 [INFO] PluginManager:220 - loadIPPluginJar : add plateformsettings
2026-04-22 14:22:07,562 [INFO] IPUIPlugin:80 - create IPUIPlugin
2026-04-22 14:22:07,562 [INFO] PluginManager:220 - loadIPPluginJar : add quadspi
2026-04-22 14:22:07,563 [INFO] IPUIPlugin:80 - create IPUIPlugin
2026-04-22 14:22:07,564 [INFO] PluginManager:220 - loadIPPluginJar : add radio
2026-04-22 14:22:07,566 [INFO] IPUIPlugin:80 - create IPUIPlugin
2026-04-22 14:22:07,567 [INFO] PluginManager:220 - loadIPPluginJar : add resmgrutility
2026-04-22 14:22:07,569 [INFO] IPUIPlugin:80 - create IPUIPlugin
2026-04-22 14:22:07,569 [INFO] PluginManager:220 - loadIPPluginJar : add sai
2026-04-22 14:22:07,571 [INFO] IPUIPlugin:80 - create IPUIPlugin
2026-04-22 14:22:07,571 [INFO] PluginManager:220 - loadIPPluginJar : add spi
2026-04-22 14:22:07,576 [INFO] IPUIPlugin:80 - create IPUIPlugin
2026-04-22 14:22:07,576 [INFO] PluginManager:220 - loadIPPluginJar : add stm32_wpan
2026-04-22 14:22:07,578 [INFO] IPUIPlugin:80 - create IPUIPlugin
2026-04-22 14:22:07,578 [INFO] PluginManager:220 - loadIPPluginJar : add tim
2026-04-22 14:22:07,580 [INFO] IPUIPlugin:80 - create IPUIPlugin
2026-04-22 14:22:07,580 [INFO] PluginManager:220 - loadIPPluginJar : add touchsensing
2026-04-22 14:22:07,582 [INFO] IPUIPlugin:80 - create IPUIPlugin
2026-04-22 14:22:07,582 [INFO] PluginManager:220 - loadIPPluginJar : add tracer_emb
2026-04-22 14:22:07,584 [INFO] IPUIPlugin:80 - create IPUIPlugin
2026-04-22 14:22:07,584 [INFO] PluginManager:220 - loadIPPluginJar : add ts
2026-04-22 14:22:07,585 [INFO] IPUIPlugin:80 - create IPUIPlugin
2026-04-22 14:22:07,585 [INFO] PluginManager:220 - loadIPPluginJar : add tsc
2026-04-22 14:22:07,586 [INFO] IPUIPlugin:80 - create IPUIPlugin
2026-04-22 14:22:07,586 [INFO] PluginManager:220 - loadIPPluginJar : add ucpd
2026-04-22 14:22:07,587 [INFO] IPUIPlugin:80 - create IPUIPlugin
2026-04-22 14:22:07,587 [INFO] PluginManager:220 - loadIPPluginJar : add usart
2026-04-22 14:22:07,589 [INFO] IPUIPlugin:80 - create IPUIPlugin
2026-04-22 14:22:07,589 [INFO] PluginManager:220 - loadIPPluginJar : add usbx
2026-04-22 14:22:07,703 [FATAL] Updater:351 - Updater called before beeing initialized
2026-04-22 14:22:07,748 [INFO] RulesReader:64 - Compatibility file has been processed (317 Rules)
2026-04-22 14:22:07,767 [INFO] RulesReader:64 - Compatibility file has been processed (317 Rules)
2026-04-22 14:22:07,783 [INFO] CADModel:165 - CPN selected for project level
2026-04-22 14:22:07,783 [INFO] CADModel:114 - Register for checkConnection events
2026-04-22 14:22:07,783 [FATAL] Updater:351 - Updater called before beeing initialized
2026-04-22 14:22:07,783 [ERROR] CADModel:125 - Updater not yet initialized, retry later 
2026-04-22 14:22:07,962 [FATAL] Updater:351 - Updater called before beeing initialized
2026-04-22 14:22:07,967 [INFO] CADModel:165 - CPN selected for project level
2026-04-22 14:22:07,967 [INFO] CADModel:114 - Register for checkConnection events
2026-04-22 14:22:07,967 [FATAL] Updater:351 - Updater called before beeing initialized
2026-04-22 14:22:07,967 [ERROR] CADModel:125 - Updater not yet initialized, retry later 
2026-04-22 14:22:07,975 [FATAL] Updater:351 - Updater called before beeing initialized
2026-04-22 14:22:08,105 [FATAL] Updater:351 - Updater called before beeing initialized
2026-04-22 14:22:08,122 [INFO] DbMcusAds:53 - JSON generation date=Fri Apr 10 02:19:02 PDT 2026 (1775812742310)
2026-04-22 14:22:08,123 [FATAL] Updater:351 - Updater called before beeing initialized
2026-04-22 14:22:08,160 [WARN] DetailPanel:346 - Failed to get advertising image, set to default
2026-04-22 14:22:08,248 [FATAL] Updater:351 - Updater called before beeing initialized
2026-04-22 14:22:08,252 [FATAL] Updater:351 - Updater called before beeing initialized
2026-04-22 14:22:08,252 [FATAL] Updater:351 - Updater called before beeing initialized
2026-04-22 14:22:08,252 [WARN] DetailPanel:346 - Failed to get advertising image, set to default
2026-04-22 14:22:08,252 [FATAL] Updater:351 - Updater called before beeing initialized
2026-04-22 14:22:08,333 [ERROR] Updater:1198 - MainUpdater not yet initialized. External WinMGr cannot be set.
2026-04-22 14:22:08,338 [INFO] Updater:1134 - Updater Version found : 6.15.0
2026-04-22 14:22:08,358 [INFO] ApplicationProperties:184 - Using Application install path: C:\ST\STM32CubeIDE_1.19.0\STM32CubeIDE\plugins\com.st.stm32cube.common.mx_6.15.0.202507011659
2026-04-22 14:22:09,935 [INFO] ThirdPartyUpdaterWithRetryManager:70 - Updater plugin not ready yet. [2/15]
2026-04-22 14:22:09,973 [ERROR] LogOutputStream:75 - [STDERR_REDIRECT] Apr 22, 2026 2:22:09 PM java.util.prefs.WindowsPreferences <init>
2026-04-22 14:22:09,983 [ERROR] LogOutputStream:75 - [STDERR_REDIRECT] WARNING: Could not open/create prefs root node Software\JavaSoft\Prefs at root 0xffffffff80000002. Windows RegCreateKeyEx(...) returned error code 5.
2026-04-22 14:22:09,983 [ERROR] LogOutputStream:75 - [STDERR_REDIRECT] 
2026-04-22 14:22:10,363 [INFO] MainUpdater:2872 - connection check result : 10
2026-04-22 14:22:10,378 [INFO] MainUpdater:289 - Updater Check For Update Now.
2026-04-22 14:22:10,378 [INFO] MicroXplorer:498 - Change Database Version : DB.6.0.150
2026-04-22 14:22:10,424 [INFO] McuFinderGlobals:63 - Set McuFinder mode to 2 (CubeIDE integrated)
2026-04-22 14:22:10,424 [INFO] UserAuth:171 - activating auth plugin
2026-04-22 14:22:10,439 [INFO] UserAuth:487 - Internet connection configuration mode: 1
2026-04-22 14:22:10,498 [INFO] JxBrowserEngine:152 - Initiate JxBrowser Engine with user profile folder
2026-04-22 14:22:10,599 [INFO] CheckServerUpdateThread:120 - End of CheckServer Thread
2026-04-22 14:22:11,411 [INFO] WebApp:169 - Instantiating new browser for Auth
2026-04-22 14:22:12,736 [INFO] WebApp:463 - Apply proxy settings
2026-04-22 14:22:12,736 [INFO] WebApp:548 - Chromium requires no authentication
2026-04-22 14:22:12,759 [INFO] WebApp:491 - Direct internet connection detected
2026-04-22 14:22:12,801 [INFO] WebApp:900 - Register for checkConnection events
2026-04-22 14:22:12,804 [INFO] WebApp:463 - Apply proxy settings
2026-04-22 14:22:12,804 [INFO] WebApp:548 - Chromium requires no authentication
2026-04-22 14:22:12,804 [INFO] WebApp:491 - Direct internet connection detected
2026-04-22 14:22:13,191 [INFO] WebApp:191 - Connection restablished
2026-04-22 14:22:13,373 [INFO] WebApp:225 - Starting web application
2026-04-22 14:22:13,373 [INFO] WebApp:593 - Web application path used C:\ST\STM32CubeIDE_1.19.0\STM32CubeIDE\plugins\com.st.stm32cube.common.mx_6.15.0.202507011659\db\plugins\mcufinder\reactClient1\index.html
2026-04-22 14:22:13,569 [WARN] PackLoader:240 - Cannot read IP mode file for STMicroelectronics.X-CUBE-AZRTOS-H7.3.5.0
2026-04-22 14:22:13,587 [WARN] PackLoader:240 - Cannot read IP mode file for STMicroelectronics.FP-SNS-MOTENVWB1.1.4.0
2026-04-22 14:22:13,601 [WARN] PackLoader:240 - Cannot read IP mode file for STMicroelectronics.FP-ATR-ASTRA1.2.0.2
2026-04-22 14:22:13,624 [WARN] PackLoader:240 - Cannot read IP mode file for STMicroelectronics.X-CUBE-SMBUS.2.1.0
2026-04-22 14:22:13,634 [WARN] PackLoader:240 - Cannot read IP mode file for STMicroelectronics.X-CUBE-ST60.1.0.0
2026-04-22 14:22:13,682 [WARN] PackLoader:240 - Cannot read IP mode file for STMicroelectronics.X-CUBE-AZRTOS-F7.1.1.0
2026-04-22 14:22:13,699 [WARN] PackLoader:240 - Cannot read IP mode file for STMicroelectronics.FP-SNS-MOTENV1.5.1.0
2026-04-22 14:22:13,743 [WARN] PackLoader:240 - Cannot read IP mode file for Infineon.AIROC-Wi-Fi-Bluetooth-STM32.1.7.1
2026-04-22 14:22:13,791 [WARN] PackLoader:240 - Cannot read IP mode file for STMicroelectronics.X-CUBE-AZRTOS-H7.3.4.0
2026-04-22 14:22:13,809 [WARN] PackLoader:240 - Cannot read IP mode file for STMicroelectronics.X-CUBE-DISPLAY.3.0.0
2026-04-22 14:22:13,827 [WARN] PackLoader:240 - Cannot read IP mode file for STMicroelectronics.FP-SNS-MOTENVWB1.1.5.0
2026-04-22 14:22:13,840 [WARN] PackLoader:240 - Cannot read IP mode file for STMicroelectronics.X-CUBE-NFC10.1.0.0
2026-04-22 14:22:13,853 [WARN] PackLoader:240 - Cannot read IP mode file for STMicroelectronics.X-CUBE-ST60.1.1.0
2026-04-22 14:22:13,863 [WARN] PackLoader:240 - Cannot read IP mode file for emotas.I-CUBE-CANOPEN.1.3.0
2026-04-22 14:22:13,873 [WARN] PackLoader:240 - Cannot read IP mode file for STMicroelectronics.X-CUBE-GNSS1.7.1.0
2026-04-22 14:22:13,888 [WARN] PackLoader:240 - Cannot read IP mode file for STMicroelectronics.FP-SNS-STBOX1.2.1.0
2026-04-22 14:22:13,898 [WARN] PackLoader:240 - Cannot read IP mode file for STMicroelectronics.FP-SNS-SMARTAG2.1.2.0
2026-04-22 14:22:13,906 [WARN] PackLoader:240 - Cannot read IP mode file for STMicroelectronics.FP-SNS-FLIGHT1.5.1.0
2026-04-22 14:22:13,920 [INFO] LogOutputStream:77 - [STDOUT_REDIRECT] 1 : Invalid condition id : UX_CORESTACK_Condition cause : null
2026-04-22 14:22:13,921 [INFO] LogOutputStream:77 - [STDOUT_REDIRECT] 1 : Invalid condition id : UX_CORESTACK_Condition cause : null
2026-04-22 14:22:13,922 [INFO] LogOutputStream:77 - [STDOUT_REDIRECT] 1 : Invalid condition id : UX_CORESTACK_Condition cause : null
2026-04-22 14:22:13,924 [INFO] LogOutputStream:77 - [STDOUT_REDIRECT] 1 : Invalid condition id : UX_CORESTACK_Condition cause : null
2026-04-22 14:22:13,926 [INFO] LogOutputStream:77 - [STDOUT_REDIRECT] 1 : Invalid condition id : UX_CORESTACK_Condition cause : null
2026-04-22 14:22:13,931 [WARN] PackLoader:240 - Cannot read IP mode file for STMicroelectronics.X-CUBE-AZRTOS-WL.2.0.0
2026-04-22 14:22:14,186 [WARN] PackLoader:240 - Cannot read IP mode file for STMicroelectronics.FP-SNS-MOTENV1.5.0.0
2026-04-22 14:22:14,219 [WARN] PackLoader:240 - Cannot read IP mode file for STMicroelectronics.X-CUBE-AZRTOS-H7RS.1.2.0
2026-04-22 14:22:14,239 [WARN] PackLoader:240 - Cannot read IP mode file for WES.I-CUBE-Cesium.1.3.0
2026-04-22 14:22:14,250 [WARN] PackLoader:240 - Cannot read IP mode file for STMicroelectronics.X-CUBE-BLE2.3.3.0
2026-04-22 14:22:14,293 [WARN] PackLoader:240 - Cannot read IP mode file for STMicroelectronics.X-CUBE-NFC9.1.0.0
2026-04-22 14:22:14,305 [WARN] PackLoader:240 - Cannot read IP mode file for wolfSSL.I-CUBE-wolfSSL.5.8.2
2026-04-22 14:22:14,315 [WARN] PackLoader:240 - Cannot read IP mode file for STMicroelectronics.X-CUBE-BLE1.7.1.0
2026-04-22 14:22:14,323 [WARN] PackLoader:240 - Cannot read IP mode file for wolfSSL.I-CUBE-wolfMQTT.1.19.2
2026-04-22 14:22:14,335 [WARN] PackLoader:240 - Cannot read IP mode file for STMicroelectronics.X-CUBE-FREERTOS.1.4.0
2026-04-22 14:22:14,347 [WARN] PackLoader:240 - Cannot read IP mode file for STMicroelectronics.X-CUBE-EEPRMA1.5.2.0
2026-04-22 14:22:14,363 [WARN] PackLoader:240 - Cannot read IP mode file for STMicroelectronics.X-CUBE-ST67W61.1.1.0
2026-04-22 14:22:14,372 [WARN] PackLoader:240 - Cannot read IP mode file for STMicroelectronics.X-CUBE-AI.10.1.0
2026-04-22 14:22:14,385 [WARN] PackLoader:240 - Cannot read IP mode file for STMicroelectronics.FP-SNS-STAIOTCFT.1.1.0
2026-04-22 14:22:14,464 [WARN] PackLoader:240 - Cannot read IP mode file for STMicroelectronics.X-CUBE-MEMS1.12.0.0
2026-04-22 14:22:14,645 [WARN] PackLoader:240 - Cannot read IP mode file for STMicroelectronics.X-CUBE-AZRTOS-G0.1.1.0
2026-04-22 14:22:14,661 [WARN] PackLoader:240 - Cannot read IP mode file for STMicroelectronics.X-CUBE-SAFEA1.1.2.2
2026-04-22 14:22:14,674 [WARN] PackLoader:240 - Cannot read IP mode file for STMicroelectronics.X-CUBE-NFC4.3.0.0
2026-04-22 14:22:14,699 [WARN] PackLoader:240 - Cannot read IP mode file for EmbeddedOffice.I-CUBE-FS-RTOS.1.0.1
2026-04-22 14:22:14,718 [WARN] PackLoader:240 - Cannot read IP mode file for STMicroelectronics.X-CUBE-WB05N.2.0.0
2026-04-22 14:22:14,730 [WARN] PackLoader:240 - Cannot read IP mode file for wolfSSL.I-CUBE-wolfTPM.3.8.0
2026-04-22 14:22:14,744 [WARN] PackLoader:240 - Cannot read IP mode file for STMicroelectronics.X-CUBE-TCPP.4.2.0
2026-04-22 14:22:14,759 [WARN] PackLoader:240 - Cannot read IP mode file for RealThread.X-CUBE-RT-Thread_Nano.4.1.1
2026-04-22 14:22:14,768 [WARN] PackLoader:240 - Cannot read IP mode file for STMicroelectronics.FP-ATR-SIGFOX1.3.2.0
2026-04-22 14:22:14,779 [WARN] PackLoader:240 - Cannot read IP mode file for STMicroelectronics.X-CUBE-FREERTOS.1.5.0
2026-04-22 14:22:14,836 [WARN] PackLoader:240 - Cannot read IP mode file for ITTIA_DB.I-CUBE-ITTIADB.8.9.0
2026-04-22 14:22:14,852 [WARN] PackLoader:240 - Cannot read IP mode file for STMicroelectronics.X-CUBE-NFC6.3.2.0
2026-04-22 14:22:14,871 [WARN] PackLoader:240 - Cannot read IP mode file for STMicroelectronics.X-CUBE-ST67W61.1.0.0
2026-04-22 14:22:14,880 [WARN] PackLoader:240 - Cannot read IP mode file for STMicroelectronics.X-CUBE-AI.10.2.0
2026-04-22 14:22:14,930 [WARN] PackLoader:240 - Cannot read IP mode file for SEGGER.I-CUBE-embOS.1.3.1
2026-04-22 14:22:15,002 [WARN] PackLoader:240 - Cannot read IP mode file for STMicroelectronics.X-CUBE-ALGOBUILD.1.4.0
2026-04-22 14:22:15,069 [WARN] PackLoader:240 - Cannot read IP mode file for STMicroelectronics.X-CUBE-MEMS1.11.3.0
2026-04-22 14:22:15,276 [WARN] PackLoader:240 - Cannot read IP mode file for STMicroelectronics.X-CUBE-PM33A1.1.0.0
2026-04-22 14:22:15,304 [WARN] PackLoader:240 - Cannot read IP mode file for STMicroelectronics.X-CUBE-AZRTOS-F4.1.1.0
2026-04-22 14:22:15,316 [WARN] PackLoader:240 - Cannot read IP mode file for Avnet-IotConnect.X-CUBE-IoTC-DA16k-PMOD.1.0.0
2026-04-22 14:22:15,325 [WARN] PackLoader:240 - Cannot read IP mode file for STMicroelectronics.X-CUBE-ISPU.2.1.0
2026-04-22 14:22:15,351 [WARN] PackLoader:240 - Cannot read IP mode file for STMicroelectronics.X-CUBE-IPS.3.2.0
2026-04-22 14:22:15,370 [WARN] PackLoader:240 - Cannot read IP mode file for STMicroelectronics.eDS-WB_DPC_TT-BIDIR.2.1.1
2026-04-22 14:22:15,384 [WARN] PackLoader:240 - Cannot read IP mode file for STMicroelectronics.X-CUBE-NFC12.1.0.0
2026-04-22 14:22:15,416 [WARN] PackLoader:240 - Cannot read IP mode file for STMicroelectronics.X-CUBE-AZRTOS-L5.2.0.0
2026-04-22 14:22:15,432 [WARN] PackLoader:240 - Cannot read IP mode file for STMicroelectronics.X-CUBE-NFC6.3.1.0
2026-04-22 14:22:15,443 [WARN] PackLoader:240 - Cannot read IP mode file for STMicroelectronics.eDS-WB_DPC_VIENNA.1.2.0
2026-04-22 14:22:15,452 [WARN] PackLoader:240 - Cannot read IP mode file for STMicroelectronics.eDS-WB_DPC_3PH2L-BIDIR.1.1.1
2026-04-22 14:22:15,461 [ERROR] Engine:466 - C:\Users\marin\.stm32cubemx\thirdparties\pdsc\STMicroelectronics.X-CUBE-ST67W61.1.3.0.pdsc: PDSC version is not supported
2026-04-22 14:22:15,471 [WARN] PackLoader:240 - Cannot read IP mode file for STMicroelectronics.X-CUBE-FREERTOS.1.3.1
2026-04-22 14:22:15,482 [WARN] PackLoader:240 - Cannot read IP mode file for STMicroelectronics.X-CUBE-TOUCHGFX.4.26.0
2026-04-22 14:22:15,489 [WARN] PackLoader:240 - Cannot read IP mode file for STMicroelectronics.X-CUBE-TOUCHGFX.4.26.1
2026-04-22 14:22:15,498 [WARN] PackLoader:240 - Cannot read IP mode file for STMicroelectronics.FP-SNS-STAIOTCFT.1.0.0
2026-04-22 14:22:15,510 [WARN] PackLoader:240 - Cannot read IP mode file for STMicroelectronics.X-CUBE-DPower.1.3.0
2026-04-22 14:22:15,540 [WARN] ConditionMgr:438 - getConditionDescription Invalid condition id : LAN8742 Phy interface Condition cause : null
2026-04-22 14:22:15,542 [WARN] PackLoader:240 - Cannot read IP mode file for STMicroelectronics.X-CUBE-AZRTOS-L4.2.0.0
2026-04-22 14:22:15,544 [WARN] ConditionMgr:1044 - genDependencies : Invalid condition id : LAN8742 Phy interface Condition cause : null
2026-04-22 14:22:15,545 [WARN] ConditionMgr:1044 - genDependencies : Invalid condition id : LAN8742 Phy interface Condition cause : null
2026-04-22 14:22:15,546 [WARN] ConditionMgr:1044 - genDependencies : Invalid condition id : LAN8742 Phy interface Condition cause : null
2026-04-22 14:22:15,560 [WARN] PackLoader:240 - Cannot read IP mode file for STMicroelectronics.X-CUBE-SFXS2LP1.4.0.0
2026-04-22 14:22:15,571 [WARN] PackLoader:240 - Cannot read IP mode file for STMicroelectronics.X-CUBE-WB05N.2.1.0
2026-04-22 14:22:15,584 [WARN] PackLoader:240 - Cannot read IP mode file for STMicroelectronics.X-CUBE-ST67W61.1.2.0
2026-04-22 14:22:15,608 [WARN] PackLoader:240 - Cannot read IP mode file for STMicroelectronics.X-CUBE-BLEMGR.4.1.0
2026-04-22 14:22:15,647 [WARN] ConditionMgr:438 - getConditionDescription Invalid condition id : UX DEVICE CLASS RTOS Condition cause : null
2026-04-22 14:22:15,648 [WARN] ConditionMgr:438 - getConditionDescription Invalid condition id : UX DEVICE CLASS RTOS Condition cause : null
2026-04-22 14:22:15,651 [WARN] PackLoader:240 - Cannot read IP mode file for STMicroelectronics.X-CUBE-AZRTOS-WB.2.0.0
2026-04-22 14:22:15,652 [WARN] ConditionMgr:1044 - genDependencies : Invalid condition id : UX DEVICE CLASS RTOS Condition cause : null
2026-04-22 14:22:15,652 [WARN] ConditionMgr:1044 - genDependencies : Invalid condition id : UX DEVICE CLASS RTOS Condition cause : null
2026-04-22 14:22:15,653 [WARN] ConditionMgr:1044 - genDependencies : Invalid condition id : UX DEVICE CLASS RTOS Condition cause : null
2026-04-22 14:22:15,653 [WARN] ConditionMgr:1044 - genDependencies : Invalid condition id : UX DEVICE CLASS RTOS Condition cause : null
2026-04-22 14:22:15,653 [WARN] ConditionMgr:1044 - genDependencies : Invalid condition id : UX DEVICE CLASS RTOS Condition cause : null
2026-04-22 14:22:15,665 [WARN] PackLoader:240 - Cannot read IP mode file for STMicroelectronics.X-CUBE-GNSS1.7.0.1
2026-04-22 14:22:15,673 [WARN] PackLoader:240 - Cannot read IP mode file for STMicroelectronics.X-CUBE-TOUCHGFX.4.25.0
2026-04-22 14:22:15,683 [WARN] PackLoader:240 - Cannot read IP mode file for STMicroelectronics.FP-SNS-STBOX1.2.0.0
2026-04-22 14:22:15,698 [WARN] ConditionMgr:438 - getConditionDescription Invalid condition id : Cortex-A Device cause : null
2026-04-22 14:22:15,716 [WARN] ConditionMgr:1044 - genDependencies : Invalid condition id : Cortex-A Device cause : null
2026-04-22 14:22:15,717 [WARN] ConditionMgr:1044 - genDependencies : Invalid condition id : Cortex-A Device cause : null
2026-04-22 14:22:15,717 [WARN] ConditionMgr:1044 - genDependencies : Invalid condition id : Cortex-A Device cause : null
2026-04-22 14:22:15,732 [WARN] PackLoader:240 - Cannot read IP mode file for STMicroelectronics.X-CUBE-STSE01.2.0.0
2026-04-22 14:22:15,753 [WARN] PackLoader:240 - Cannot read IP mode file for STMicroelectronics.X-CUBE-SUBG2.5.0.0
2026-04-22 14:22:15,784 [WARN] PackLoader:240 - Cannot read IP mode file for STMicroelectronics.X-CUBE-AZRTOS-H7RS.1.1.0
2026-04-22 14:22:15,800 [WARN] PackLoader:240 - Cannot read IP mode file for Cesanta.I-CUBE-Mongoose.7.13.0
2026-04-22 14:22:15,825 [WARN] PackLoader:240 - Cannot read IP mode file for STMicroelectronics.X-CUBE-AZRTOS-G4.2.0.0
2026-04-22 14:22:15,838 [WARN] PackLoader:240 - Cannot read IP mode file for wolfSSL.I-CUBE-wolfSSH.1.4.20
2026-04-22 14:22:15,849 [WARN] PackLoader:240 - Cannot read IP mode file for STMicroelectronics.X-CUBE-NFC7.2.0.0
2026-04-22 14:22:15,873 [WARN] PackLoader:240 - Cannot read IP mode file for STMicroelectronics.X-CUBE-IPS.3.1.0
2026-04-22 14:22:15,889 [WARN] PackLoader:240 - Cannot read IP mode file for STMicroelectronics.X-CUBE-ALS.1.0.2
2026-04-22 14:22:15,902 [WARN] PackLoader:240 - Cannot read IP mode file for STMicroelectronics.X-CUBE-STSE01.1.0.0
2026-04-22 14:22:15,918 [WARN] PackLoader:240 - Cannot read IP mode file for portGmbH.I-Cube-SoM-uGOAL.1.1.0
2026-04-22 14:22:15,937 [WARN] PackLoader:240 - Cannot read IP mode file for STMicroelectronics.X-CUBE-TOF1.3.4.3
2026-04-22 14:22:15,951 [INFO] ThirdParty:978 - Integrity check success = true
2026-04-22 14:22:15,952 [INFO] IntegrityCheckThread:100 - exiting critical section [integrity check]
2026-04-22 14:22:15,952 [INFO] IntegrityCheckThread:103 - End integrity checks thread
2026-04-22 14:24:14,355 [ERROR] LogOutputStream:75 - [STDERR_REDIRECT] 
2026-04-22 14:24:14,355 [ERROR] LogOutputStream:75 - [STDERR_REDIRECT] 
