2025-02-28 10:12:31,962 [INFO] WebApp:189 - Connection lost
2025-02-28 10:12:38,590 [INFO] WebApp:186 - Connection restablished
2025-02-28 10:12:40,252 [INFO] WebApp:189 - Connection lost
2025-02-28 10:12:40,472 [INFO] WebApp:186 - Connection restablished
2025-02-28 11:38:55,480 [INFO] WebApp:189 - Connection lost
2025-02-28 11:38:57,654 [INFO] WebApp:186 - Connection restablished
2025-02-28 16:41:31,392 [INFO] WebApp:189 - Connection lost
2025-02-28 16:42:44,170 [INFO] WebApp:186 - Connection restablished
2025-02-28 16:56:05,825 [WARN] CheckConnectionManager:291 - Warning during Server Connection :  timeout Connect to sw-center.st.com:443 [sw-center.st.com/23.53.240.208, sw-center.st.com/23.201.55.136] failed: Connect timed out
2025-02-28 16:56:07,851 [WARN] CheckConnectionManager:291 - Warning during Server Connection :  timeout Connect to sw-center.st.com:443 [sw-center.st.com/23.53.240.208, sw-center.st.com/23.201.55.136] failed: Connect timed out
2025-02-28 16:56:07,855 [INFO] MainUpdater:2873 - connection check result : 22
2025-02-28 16:56:09,871 [WARN] CheckConnectionManager:291 - Warning during Server Connection :  timeout Connect to sw-center.st.com:443 [sw-center.st.com/23.53.240.208, sw-center.st.com/23.201.55.136] failed: Connect timed out
2025-02-28 16:56:11,878 [WARN] CheckConnectionManager:291 - Warning during Server Connection :  timeout Connect to sw-center.st.com:443 [sw-center.st.com/23.53.240.208, sw-center.st.com/23.201.55.136] failed: Connect timed out
2025-02-28 16:56:11,880 [INFO] MainUpdater:2873 - connection check result : 22
2025-02-28 16:56:16,865 [INFO] MicroXplorer:468 - Change Database Path : 
2025-02-28 16:56:16,865 [INFO] MicroXplorer:498 - Change Database Version : DB.6.0.120
2025-02-28 16:56:17,475 [ERROR] ProjectManagerView:394 - 
java.lang.NullPointerException: Cannot invoke "javax.swing.JTextField.getText()" because the return value of "java.util.List.get(int)" is null
	at com.st.microxplorer.plugins.projectmanager.gui.ProjectChoiceTab$10.caretUpdate(ProjectChoiceTab.java:2622) ~[filemanager.jar:?]
	at javax.swing.text.JTextComponent.fireCaretUpdate(JTextComponent.java:412) ~[?:?]
	at javax.swing.text.JTextComponent$MutableCaretEvent.fire(JTextComponent.java:4491) ~[?:?]
	at javax.swing.text.JTextComponent$MutableCaretEvent.stateChanged(JTextComponent.java:4513) ~[?:?]
	at javax.swing.text.DefaultCaret.fireStateChanged(DefaultCaret.java:842) ~[?:?]
	at javax.swing.text.DefaultCaret.changeCaretPosition(DefaultCaret.java:1313) ~[?:?]
	at javax.swing.text.DefaultCaret.handleSetDot(DefaultCaret.java:1212) ~[?:?]
	at javax.swing.text.DefaultCaret.setDot(DefaultCaret.java:1193) ~[?:?]
	at javax.swing.text.DefaultCaret$Handler.insertUpdate(DefaultCaret.java:1789) ~[?:?]
	at javax.swing.text.AbstractDocument.fireInsertUpdate(AbstractDocument.java:226) ~[?:?]
	at javax.swing.text.AbstractDocument.handleInsertString(AbstractDocument.java:780) ~[?:?]
	at javax.swing.text.AbstractDocument.insertString(AbstractDocument.java:739) ~[?:?]
	at javax.swing.text.PlainDocument.insertString(PlainDocument.java:131) ~[?:?]
	at javax.swing.text.AbstractDocument.replace(AbstractDocument.java:698) ~[?:?]
	at javax.swing.text.JTextComponent.setText(JTextComponent.java:1729) ~[?:?]
	at com.st.microxplorer.plugins.projectmanager.gui.ProjectChoiceTab.createHeapStackFields(ProjectChoiceTab.java:972) ~[filemanager.jar:?]
	at com.st.microxplorer.plugins.projectmanager.gui.ProjectChoiceTab.buildLinkSettingsPanel(ProjectChoiceTab.java:3597) ~[filemanager.jar:?]
	at com.st.microxplorer.plugins.projectmanager.gui.ProjectChoiceTab.defineWindowsFields(ProjectChoiceTab.java:1940) ~[filemanager.jar:?]
	at com.st.microxplorer.plugins.projectmanager.gui.ProjectChoiceTab.updateSettings(ProjectChoiceTab.java:550) ~[filemanager.jar:?]
	at com.st.microxplorer.plugins.projectmanager.gui.ProjectSettingsPanel.UpdateDialog(ProjectSettingsPanel.java:245) ~[filemanager.jar:?]
	at com.st.microxplorer.plugins.projectmanager.ProjectManagerView.propertyChange(ProjectManagerView.java:391) ~[filemanager.jar:?]
	at java.beans.PropertyChangeSupport.fire(PropertyChangeSupport.java:343) ~[?:?]
	at java.beans.PropertyChangeSupport.firePropertyChange(PropertyChangeSupport.java:335) ~[?:?]
	at java.beans.PropertyChangeSupport.firePropertyChange(PropertyChangeSupport.java:268) ~[?:?]
	at com.st.microxplorer.util.MXPropertyChangeSupport.firePropertyChange(MXPropertyChangeSupport.java:54) ~[STM32CubeMX.jar:?]
	at com.st.microxplorer.mxsystem.MxSystem.closeConfig(MxSystem.java:900) ~[STM32CubeMX.jar:?]
	at com.st.microxplorer.maingui.MainPanel.closeConfig(MainPanel.java:781) ~[STM32CubeMX.jar:?]
	at com.st.microxplorer.plugins.filemanager.engine.OpenFileManager.loadConfigurationFile(OpenFileManager.java:265) ~[filemanager.jar:?]
	at com.st.microxplorer.plugins.filemanager.engine.MainFileManager.userLoadConfig(MainFileManager.java:352) ~[filemanager.jar:?]
	at com.st.microxplorer.plugins.filemanager.engine.MainFileManager.userLoadConfig(MainFileManager.java:330) ~[filemanager.jar:?]
	at com.st.microxplorer.plugins.filemanager.FileManagerView.getSpecificTask(FileManagerView.java:246) ~[filemanager.jar:?]
	at com.st.stm32cube.common.mx.editor.CubeMxEditor.getMxTabbedPaneInstance(CubeMxEditor.java:1198) ~[com.st.stm32cube.common.mx_6.12.0.202406281431/:?]
	at com.st.stm32cube.common.mx.editor.CubeMxEditor$12$1.createSwingComponent(CubeMxEditor.java:1068) ~[com.st.stm32cube.common.mx_6.12.0.202406281431/:?]
	at com.st.stm32cube.common.mx.oss.core.awtswtbridge.EmbeddedSwingComposite.doComponentCreation(EmbeddedSwingComposite.java:492) ~[com.st.stm32cube.common.mx.oss_6.12.0.202406281431/:?]
	at com.st.stm32cube.common.mx.oss.core.awtswtbridge.EmbeddedSwingComposite$4.run(EmbeddedSwingComposite.java:291) ~[com.st.stm32cube.common.mx.oss_6.12.0.202406281431/:?]
	at com.st.stm32cube.common.mx.oss.core.awtswtbridge.AwtEnvironment$2.run(AwtEnvironment.java:166) ~[com.st.stm32cube.common.mx.oss_6.12.0.202406281431/:?]
	at java.awt.event.InvocationEvent.dispatch(InvocationEvent.java:318) ~[?:?]
	at java.awt.EventQueue.dispatchEventImpl(EventQueue.java:773) ~[?:?]
	at java.awt.EventQueue$4.run(EventQueue.java:720) ~[?:?]
	at java.awt.EventQueue$4.run(EventQueue.java:714) ~[?:?]
	at java.security.AccessController.doPrivileged(AccessController.java:399) ~[?:?]
	at java.security.ProtectionDomain$JavaSecurityAccessImpl.doIntersectionPrivilege(ProtectionDomain.java:86) ~[?:?]
	at java.awt.EventQueue.dispatchEvent(EventQueue.java:742) ~[?:?]
	at java.awt.EventDispatchThread.pumpOneEventForFilters(EventDispatchThread.java:203) ~[?:?]
	at java.awt.EventDispatchThread.pumpEventsForFilter(EventDispatchThread.java:124) ~[?:?]
	at java.awt.EventDispatchThread.pumpEventsForHierarchy(EventDispatchThread.java:113) ~[?:?]
	at java.awt.EventDispatchThread.pumpEvents(EventDispatchThread.java:109) ~[?:?]
	at java.awt.EventDispatchThread.pumpEvents(EventDispatchThread.java:101) ~[?:?]
	at java.awt.EventDispatchThread.run(EventDispatchThread.java:90) ~[?:?]
2025-02-28 16:56:17,685 [WARN] ThirdParty:871 - waiting for thirdparty lock release [close project]
2025-02-28 16:56:17,685 [INFO] ThirdParty:873 - entering critical section [close project]
2025-02-28 16:56:17,714 [INFO] ThirdParty:883 - exiting critical section [close project]
2025-02-28 16:56:17,752 [INFO] PinOutPanel:1561 - setPackage(No Configuration,No Configuration)
2025-02-28 16:56:17,980 [WARN] IpParametersView:151 - Warning: This peripheral hasn't parameters
2025-02-28 16:56:18,084 [WARN] MainPanel:284 - <html><b><center>Warning: This peripheral has no parameters to be configured<br></b></html>
2025-02-28 16:56:18,429 [INFO] HwResourcesManager:1923 - RZone for current mcu STM32H750XBHx : STM32_DIE450_864_128
2025-02-28 16:56:18,597 [INFO] HwResourcesManager:288 - provisioning FMC Bank1 added
2025-02-28 16:56:18,598 [INFO] HwResourcesManager:288 - provisioning FMC Bank3 added
2025-02-28 16:56:18,599 [INFO] HwResourcesManager:288 - provisioning QuadSPI added
2025-02-28 16:56:18,600 [INFO] HwResourcesManager:288 - provisioning FMC SDRAM Bank1 added
2025-02-28 16:56:18,601 [INFO] HwResourcesManager:288 - provisioning FMC SDRAM Bank2 added
2025-02-28 16:56:18,662 [INFO] HwResourcesManager:472 - Memory Region RAM_ITCM added without MPC
2025-02-28 16:56:18,666 [INFO] HwResourcesManager:472 - Memory Region Flash Bank1 added without MPC
2025-02-28 16:56:18,668 [INFO] HwResourcesManager:472 - Memory Region System Bank1 added without MPC
2025-02-28 16:56:18,669 [INFO] HwResourcesManager:472 - Memory Region System Bank2 added without MPC
2025-02-28 16:56:18,671 [INFO] HwResourcesManager:472 - Memory Region RAM_DTCM added without MPC
2025-02-28 16:56:18,673 [INFO] HwResourcesManager:472 - Memory Region RAM_AXI added without MPC
2025-02-28 16:56:18,677 [INFO] HwResourcesManager:472 - Memory Region RAM1_AHB added without MPC
2025-02-28 16:56:18,678 [INFO] HwResourcesManager:472 - Memory Region RAM2_AHB added without MPC
2025-02-28 16:56:18,680 [INFO] HwResourcesManager:472 - Memory Region RAM3_AHB added without MPC
2025-02-28 16:56:18,683 [INFO] HwResourcesManager:472 - Memory Region RAM_AHB_D4 added without MPC
2025-02-28 16:56:18,684 [INFO] HwResourcesManager:472 - Memory Region BKPSRAM added without MPC
2025-02-28 16:56:18,854 [INFO] MemInfoExtractor$FMCInfoExtractor:862 - Cannot find FMC BANK1 start address in the info provided by HWResourceManager => Set it to the default value
2025-02-28 16:56:18,854 [INFO] MemInfoExtractor$FMCInfoExtractor:865 - Cannot find FMC SDRAM BANK1 start address in the info provided by HWResourceManager => Set it to the default value
2025-02-28 16:56:18,877 [INFO] MemInfoExtractor$OctoQuadSPIInfoExtractor:1587 - Cannot find QUADSPI start address in the info provided by HWResourceManager => Set it to the default value
2025-02-28 16:56:19,376 [ERROR] HwResourcesManager:1531 - Cannot find MPC for the given IP: FLASH
2025-02-28 16:56:19,381 [ERROR] HwResourcesManager:1531 - Cannot find MPC for the given IP: FLASH
2025-02-28 16:56:19,402 [ERROR] HwResourcesManager:1531 - Cannot find MPC for the given IP: FLASH
2025-02-28 16:56:19,420 [ERROR] HwResourcesManager:1531 - Cannot find MPC for the given IP: FLASH
2025-02-28 16:56:20,983 [ERROR] HwResourcesManager:1531 - Cannot find MPC for the given IP: FLASH
2025-02-28 16:56:20,985 [ERROR] HwResourcesManager:1531 - Cannot find MPC for the given IP: FLASH
2025-02-28 16:56:20,995 [ERROR] HwResourcesManager:1531 - Cannot find MPC for the given IP: FLASH
2025-02-28 16:56:21,585 [ERROR] HwResourcesManager:1531 - Cannot find MPC for the given IP: FLASH
2025-02-28 16:56:21,587 [ERROR] HwResourcesManager:1531 - Cannot find MPC for the given IP: FLASH
2025-02-28 16:56:21,595 [ERROR] HwResourcesManager:1531 - Cannot find MPC for the given IP: FLASH
2025-02-28 16:56:22,246 [ERROR] HwResourcesManager:1531 - Cannot find MPC for the given IP: FLASH
2025-02-28 16:56:22,248 [ERROR] HwResourcesManager:1531 - Cannot find MPC for the given IP: FLASH
2025-02-28 16:56:22,255 [ERROR] HwResourcesManager:1531 - Cannot find MPC for the given IP: FLASH
2025-02-28 16:56:22,774 [ERROR] HwResourcesManager:1531 - Cannot find MPC for the given IP: FLASH
2025-02-28 16:56:22,777 [ERROR] HwResourcesManager:1531 - Cannot find MPC for the given IP: FLASH
2025-02-28 16:56:22,784 [ERROR] HwResourcesManager:1531 - Cannot find MPC for the given IP: FLASH
2025-02-28 16:56:22,789 [ERROR] HwResourcesManager:1531 - Cannot find MPC for the given IP: FLASH
2025-02-28 16:56:22,878 [INFO] MemInfoExtractor:277 - EVENT_MCU_SET_IP_PARAMETER
2025-02-28 16:56:22,885 [ERROR] HwResourcesManager:1531 - Cannot find MPC for the given IP: FLASH
2025-02-28 16:56:22,887 [ERROR] HwResourcesManager:1531 - Cannot find MPC for the given IP: FLASH
2025-02-28 16:56:22,894 [ERROR] HwResourcesManager:1531 - Cannot find MPC for the given IP: FLASH
2025-02-28 16:56:23,401 [ERROR] HwResourcesManager:1531 - Cannot find MPC for the given IP: FLASH
2025-02-28 16:56:23,404 [ERROR] HwResourcesManager:1531 - Cannot find MPC for the given IP: FLASH
2025-02-28 16:56:23,414 [ERROR] HwResourcesManager:1531 - Cannot find MPC for the given IP: FLASH
2025-02-28 16:56:24,050 [ERROR] HwResourcesManager:1531 - Cannot find MPC for the given IP: FLASH
2025-02-28 16:56:24,054 [ERROR] HwResourcesManager:1531 - Cannot find MPC for the given IP: FLASH
2025-02-28 16:56:24,065 [ERROR] HwResourcesManager:1531 - Cannot find MPC for the given IP: FLASH
2025-02-28 16:56:24,566 [ERROR] HwResourcesManager:1531 - Cannot find MPC for the given IP: FLASH
2025-02-28 16:56:24,568 [ERROR] HwResourcesManager:1531 - Cannot find MPC for the given IP: FLASH
2025-02-28 16:56:24,575 [ERROR] HwResourcesManager:1531 - Cannot find MPC for the given IP: FLASH
2025-02-28 16:56:25,153 [ERROR] HwResourcesManager:1531 - Cannot find MPC for the given IP: FLASH
2025-02-28 16:56:25,155 [ERROR] HwResourcesManager:1531 - Cannot find MPC for the given IP: FLASH
2025-02-28 16:56:25,163 [ERROR] HwResourcesManager:1531 - Cannot find MPC for the given IP: FLASH
2025-02-28 16:56:25,738 [ERROR] HwResourcesManager:1531 - Cannot find MPC for the given IP: FLASH
2025-02-28 16:56:25,740 [ERROR] HwResourcesManager:1531 - Cannot find MPC for the given IP: FLASH
2025-02-28 16:56:25,747 [ERROR] HwResourcesManager:1531 - Cannot find MPC for the given IP: FLASH
2025-02-28 16:56:26,231 [ERROR] HwResourcesManager:1531 - Cannot find MPC for the given IP: FLASH
2025-02-28 16:56:26,234 [ERROR] HwResourcesManager:1531 - Cannot find MPC for the given IP: FLASH
2025-02-28 16:56:26,241 [ERROR] HwResourcesManager:1531 - Cannot find MPC for the given IP: FLASH
2025-02-28 16:56:26,247 [ERROR] HwResourcesManager:1531 - Cannot find MPC for the given IP: FLASH
2025-02-28 16:56:26,988 [ERROR] HwResourcesManager:1531 - Cannot find MPC for the given IP: FLASH
2025-02-28 16:56:26,991 [ERROR] HwResourcesManager:1531 - Cannot find MPC for the given IP: FLASH
2025-02-28 16:56:26,999 [ERROR] HwResourcesManager:1531 - Cannot find MPC for the given IP: FLASH
2025-02-28 16:56:27,629 [ERROR] HwResourcesManager:1531 - Cannot find MPC for the given IP: FLASH
2025-02-28 16:56:27,658 [ERROR] HwResourcesManager:1531 - Cannot find MPC for the given IP: FLASH
2025-02-28 16:56:27,666 [ERROR] HwResourcesManager:1531 - Cannot find MPC for the given IP: FLASH
2025-02-28 16:56:27,719 [INFO] MemInfoExtractor:277 - EVENT_MCU_SET_IP_PARAMETER
2025-02-28 16:56:27,719 [ERROR] HwResourcesManager:1531 - Cannot find MPC for the given IP: FLASH
2025-02-28 16:56:27,727 [ERROR] HwResourcesManager:1531 - Cannot find MPC for the given IP: FLASH
2025-02-28 16:56:27,729 [ERROR] HwResourcesManager:1531 - Cannot find MPC for the given IP: FLASH
2025-02-28 16:56:27,736 [ERROR] HwResourcesManager:1531 - Cannot find MPC for the given IP: FLASH
2025-02-28 16:56:27,785 [INFO] MemInfoExtractor:277 - EVENT_MCU_SET_IP_PARAMETER
2025-02-28 16:56:27,785 [ERROR] HwResourcesManager:1531 - Cannot find MPC for the given IP: FLASH
2025-02-28 16:56:27,790 [ERROR] HwResourcesManager:1531 - Cannot find MPC for the given IP: FLASH
2025-02-28 16:56:27,794 [ERROR] HwResourcesManager:1531 - Cannot find MPC for the given IP: FLASH
2025-02-28 16:56:27,801 [ERROR] HwResourcesManager:1531 - Cannot find MPC for the given IP: FLASH
2025-02-28 16:56:27,855 [INFO] MemInfoExtractor:277 - EVENT_MCU_SET_IP_PARAMETER
2025-02-28 16:56:28,503 [INFO] UtilMem:75 - Begin LoadConfig() Used Memory: 736770624 Bytes (1073741824)
2025-02-28 16:56:28,504 [INFO] MicroXplorer:468 - Change Database Path : 
2025-02-28 16:56:28,504 [INFO] MicroXplorer:498 - Change Database Version : DB.6.0.120
2025-02-28 16:56:28,504 [INFO] OpenFileManager:332 - Change cursor
2025-02-28 16:56:28,550 [INFO] RulesReader:64 - Compatibility file has been processed (297 Rules)
2025-02-28 16:56:28,593 [INFO] Mcu:2032 - Initializing MCU STM32F303C(B-C)Tx STM32F303CCTx STM32F303CCT6
2025-02-28 16:56:32,214 [INFO] Context:742 - Trying to add GPIOservice into a context  which must be forbidden
2025-02-28 16:56:33,056 [INFO] RtosManager:555 - Registered RTOS mode: class=CMSIS, group=RTOS, mode=CMSIS_V1, owner=FREERTOS
2025-02-28 16:56:33,056 [INFO] RtosManager:555 - Registered RTOS mode: class=CMSIS, group=RTOS2, mode=CMSIS_V2, owner=FREERTOS
2025-02-28 16:56:33,056 [INFO] RtosManager:555 - Registered RTOS mode: class=RTOS, group=Core, mode=CMSIS_V1, owner=FREERTOS
2025-02-28 16:56:33,056 [INFO] RtosManager:555 - Registered RTOS mode: class=RTOS, group=Core, mode=CMSIS_V2, owner=FREERTOS
2025-02-28 16:56:33,056 [WARN] ModelIntegratedComponent:184 - Missing modes for component STMicroelectronics:FreeRTOS:0.0.1:STMicroelectronics:RTOS:FreeRTOS:Core:::10.2.0:
2025-02-28 16:56:33,060 [WARN] ModelIntegratedComponent:63 - No mode defined for component null
2025-02-28 16:56:33,060 [WARN] ModelIntegratedComponent:63 - No mode defined for component null
2025-02-28 16:56:33,060 [WARN] ModelIntegratedComponent:63 - No mode defined for component null
2025-02-28 16:56:33,060 [WARN] ModelIntegratedComponent:63 - No mode defined for component null
2025-02-28 16:56:33,060 [WARN] ModelIntegratedComponent:63 - No mode defined for component null
2025-02-28 16:56:33,060 [WARN] ModelIntegratedComponent:63 - No mode defined for component null
2025-02-28 16:56:33,060 [WARN] ModelIntegratedComponent:63 - No mode defined for component null
2025-02-28 16:56:33,060 [WARN] ModelIntegratedComponent:63 - No mode defined for component null
2025-02-28 16:56:33,060 [WARN] ModelIntegratedComponent:63 - No mode defined for component null
2025-02-28 16:56:33,060 [WARN] ModelIntegratedComponent:63 - No mode defined for component null
2025-02-28 16:56:33,060 [WARN] ModelIntegratedComponent:63 - No mode defined for component null
2025-02-28 16:56:33,061 [WARN] ModelIntegratedComponent:63 - No mode defined for component null
2025-02-28 16:56:33,061 [WARN] ModelIntegratedComponent:63 - No mode defined for component null
2025-02-28 16:56:33,061 [WARN] ModelIntegratedComponent:63 - No mode defined for component null
2025-02-28 16:56:33,061 [WARN] ModelIntegratedComponent:63 - No mode defined for component null
2025-02-28 16:56:33,061 [WARN] ModelIntegratedComponent:63 - No mode defined for component null
2025-02-28 16:56:33,061 [WARN] ModelIntegratedComponent:63 - No mode defined for component null
2025-02-28 16:56:33,061 [WARN] ModelIntegratedComponent:63 - No mode defined for component null
2025-02-28 16:56:33,061 [WARN] ModelIntegratedComponent:63 - No mode defined for component null
2025-02-28 16:56:33,061 [WARN] ModelIntegratedComponent:63 - No mode defined for component null
2025-02-28 16:56:33,061 [WARN] ModelIntegratedComponent:63 - No mode defined for component null
2025-02-28 16:56:33,061 [WARN] ModelIntegratedComponent:63 - No mode defined for component null
2025-02-28 16:56:33,061 [WARN] ModelIntegratedComponent:63 - No mode defined for component null
2025-02-28 16:56:33,061 [WARN] ModelIntegratedComponent:63 - No mode defined for component null
2025-02-28 16:56:33,061 [WARN] ModelIntegratedComponent:63 - No mode defined for component null
2025-02-28 16:56:33,061 [WARN] ModelIntegratedComponent:63 - No mode defined for component null
2025-02-28 16:56:33,061 [WARN] ModelIntegratedComponent:63 - No mode defined for component null
2025-02-28 16:56:33,061 [WARN] ModelIntegratedComponent:63 - No mode defined for component null
2025-02-28 16:56:33,061 [WARN] ModelIntegratedComponent:63 - No mode defined for component null
2025-02-28 16:56:33,061 [WARN] ModelIntegratedComponent:63 - No mode defined for component null
2025-02-28 16:56:33,061 [WARN] ModelIntegratedComponent:63 - No mode defined for component null
2025-02-28 16:56:33,061 [WARN] ModelIntegratedComponent:63 - No mode defined for component null
2025-02-28 16:56:33,061 [WARN] ModelIntegratedComponent:63 - No mode defined for component null
2025-02-28 16:56:33,061 [WARN] ModelIntegratedComponent:63 - No mode defined for component null
2025-02-28 16:56:33,061 [WARN] ModelIntegratedComponent:63 - No mode defined for component null
2025-02-28 16:56:33,061 [WARN] ModelPack:524 - Component already loaded: STMicroelectronics:HAL Drivers:0.0.0:STMicroelectronics:Device:STMicro_Driver:XSPI:HAL::0.0.1:HAL_XSPI
2025-02-28 16:56:33,333 [INFO] ThirdPartyModel:298 - Start build external matchings
2025-02-28 16:56:35,856 [INFO] ThirdPartyModel:316 - End build external matchings
2025-02-28 16:56:36,305 [INFO] UtilMem:75 - End LoadConfig() Used Memory: 747407976 Bytes (1073741824)
2025-02-28 16:56:36,946 [WARN] ThirdParty:833 - waiting for thirdparty lock release [change project]
2025-02-28 16:56:36,946 [INFO] ThirdParty:835 - entering critical section [change project]
2025-02-28 16:56:36,946 [INFO] ThirdParty:1030 - CMSIS Pack Vendor :STMicroelectronics USBPD 4.1
2025-02-28 16:56:36,946 [INFO] ThirdParty:1030 - CMSIS Pack Vendor :STMicroelectronics X-CUBE-GNSS1 6.0.0
2025-02-28 16:56:36,946 [INFO] ThirdParty:1030 - CMSIS Pack Vendor :STMicroelectronics USB_HOST 2.0.0
2025-02-28 16:56:36,946 [INFO] ThirdParty:1030 - CMSIS Pack Vendor :STMicroelectronics FP-SNS-MOTENVWB1 1.4.0
2025-02-28 16:56:36,946 [INFO] ThirdParty:1030 - CMSIS Pack Vendor :STMicroelectronics X-CUBE-AZRTOS-F4 1.1.0
2025-02-28 16:56:36,946 [INFO] ThirdParty:1030 - CMSIS Pack Vendor :STMicroelectronics LIBJPEG 8.0.0
2025-02-28 16:56:36,946 [INFO] ThirdParty:1030 - CMSIS Pack Vendor :STMicroelectronics FP-ATR-ASTRA1 2.0.1
2025-02-28 16:56:36,947 [INFO] ThirdParty:1030 - CMSIS Pack Vendor :STMicroelectronics X-CUBE-SMBUS 2.1.0
2025-02-28 16:56:36,947 [INFO] ThirdParty:1030 - CMSIS Pack Vendor :STMicroelectronics X-CUBE-WB05N 1.1.0
2025-02-28 16:56:36,947 [INFO] ThirdParty:1030 - CMSIS Pack Vendor :STMicroelectronics X-CUBE-ISPU 2.1.0
2025-02-28 16:56:36,947 [INFO] ThirdParty:1030 - CMSIS Pack Vendor :STMicroelectronics X-CUBE-FREERTOS 1.2.0
2025-02-28 16:56:36,947 [INFO] ThirdParty:1030 - CMSIS Pack Vendor :wolfSSL I-CUBE-wolfSSL 5.6.6
2025-02-28 16:56:36,947 [INFO] ThirdParty:1030 - CMSIS Pack Vendor :STMicroelectronics X-CUBE-TOUCHGFX 4.23.0
2025-02-28 16:56:36,947 [INFO] ThirdParty:1030 - CMSIS Pack Vendor :STMicroelectronics X-CUBE-TOUCHGFX 4.23.2
2025-02-28 16:56:36,947 [INFO] ThirdParty:1030 - CMSIS Pack Vendor :STMicroelectronics X-CUBE-AZRTOS-F7 1.1.0
2025-02-28 16:56:36,947 [INFO] ThirdParty:1030 - CMSIS Pack Vendor :STMicroelectronics X-CUBE-AZRTOS-L5 2.0.0
2025-02-28 16:56:36,947 [INFO] ThirdParty:1030 - CMSIS Pack Vendor :STMicroelectronics USB_DEVICE 2.0.0
2025-02-28 16:56:36,947 [INFO] ThirdParty:1030 - CMSIS Pack Vendor :STMicroelectronics X-CUBE-NFC6 3.1.0
2025-02-28 16:56:36,947 [INFO] ThirdParty:1030 - CMSIS Pack Vendor :ITTIA_DB I-CUBE-ITTIADB 8.8.0
2025-02-28 16:56:36,947 [INFO] ThirdParty:1030 - CMSIS Pack Vendor :STMicroelectronics FP-SNS-MOTENV1 4.3.2
2025-02-28 16:56:36,947 [INFO] ThirdParty:1030 - CMSIS Pack Vendor :STMicroelectronics X-CUBE-MEMS1 11.0.0
2025-02-28 16:56:36,947 [INFO] ThirdParty:1030 - CMSIS Pack Vendor :STMicroelectronics FreeRTOS 0.0.1
2025-02-28 16:56:36,947 [INFO] ThirdParty:1030 - CMSIS Pack Vendor :STMicroelectronics X-CUBE-DPower 1.2.0
2025-02-28 16:56:36,947 [INFO] ThirdParty:1030 - CMSIS Pack Vendor :STMicroelectronics FP-SNS-FLIGHT1 5.0.2
2025-02-28 16:56:36,947 [INFO] ThirdParty:1030 - CMSIS Pack Vendor :STMicroelectronics X-CUBE-AI 9.0.0
2025-02-28 16:56:36,947 [INFO] ThirdParty:1030 - CMSIS Pack Vendor :STMicroelectronics PDM2PCM 3.3.0
2025-02-28 16:56:36,947 [INFO] ThirdParty:1030 - CMSIS Pack Vendor :STMicroelectronics X-CUBE-DISPLAY 3.0.0
2025-02-28 16:56:36,948 [INFO] ThirdParty:1030 - CMSIS Pack Vendor :STMicroelectronics X-CUBE-BLE1 7.0.0
2025-02-28 16:56:36,948 [INFO] ThirdParty:1030 - CMSIS Pack Vendor :STMicroelectronics X-CUBE-NFC10 1.0.0
2025-02-28 16:56:36,948 [INFO] ThirdParty:1030 - CMSIS Pack Vendor :STMicroelectronics X-CUBE-BLEMGR 4.0.0
2025-02-28 16:56:36,948 [INFO] ThirdParty:1030 - CMSIS Pack Vendor :STMicroelectronics HAL Drivers 0.0.0
2025-02-28 16:56:36,948 [INFO] ThirdParty:1030 - CMSIS Pack Vendor :emotas I-CUBE-CANOPEN 1.3.0
2025-02-28 16:56:36,948 [INFO] ThirdParty:1030 - CMSIS Pack Vendor :STMicroelectronics X-CUBE-FREERTOS 1.3.0
2025-02-28 16:56:36,948 [INFO] ThirdParty:1030 - CMSIS Pack Vendor :STMicroelectronics X-CUBE-NFC7 1.0.1
2025-02-28 16:56:36,948 [INFO] ThirdParty:1030 - CMSIS Pack Vendor :STMicroelectronics MBEDTLS 2.14.1
2025-02-28 16:56:36,948 [INFO] ThirdParty:1030 - CMSIS Pack Vendor :wolfSSL I-CUBE-wolfTPM 3.2.0
2025-02-28 16:56:36,948 [INFO] ThirdParty:1030 - CMSIS Pack Vendor :STMicroelectronics X-CUBE-NFC6 3.0.0
2025-02-28 16:56:36,949 [INFO] ThirdParty:1030 - CMSIS Pack Vendor :STMicroelectronics X-CUBE-BLEMGR 3.1.0
2025-02-28 16:56:36,949 [INFO] ThirdParty:1030 - CMSIS Pack Vendor :STMicroelectronics X-CUBE-AI 10.0.0
2025-02-28 16:56:36,949 [INFO] ThirdParty:1030 - CMSIS Pack Vendor :STMicroelectronics FP-SNS-SMARTAG2 1.2.0
2025-02-28 16:56:36,949 [INFO] ThirdParty:1030 - CMSIS Pack Vendor :STMicroelectronics X-CUBE-MEMS1 11.1.0
2025-02-28 16:56:36,949 [INFO] ThirdParty:1030 - CMSIS Pack Vendor :STMicroelectronics X-CUBE-AZRTOS-WL 2.0.0
2025-02-28 16:56:36,949 [INFO] ThirdParty:1030 - CMSIS Pack Vendor :STMicroelectronics FP-SNS-MOTENV1 5.0.0
2025-02-28 16:56:36,949 [INFO] ThirdParty:1030 - CMSIS Pack Vendor :STMicroelectronics USB_DEVICE 1.0.0
2025-02-28 16:56:36,949 [INFO] ThirdParty:1030 - CMSIS Pack Vendor :STMicroelectronics X-CUBE-AI 8.1.0
2025-02-28 16:56:36,949 [INFO] ThirdParty:1030 - CMSIS Pack Vendor :wolfSSL I-CUBE-wolfMQTT 1.19.0
2025-02-28 16:56:36,949 [INFO] ThirdParty:1030 - CMSIS Pack Vendor :STMicroelectronics X-CUBE-AZRTOS-L4 2.0.0
2025-02-28 16:56:36,949 [INFO] ThirdParty:1030 - CMSIS Pack Vendor :STMicroelectronics ThreadX 0.0.2
2025-02-28 16:56:36,949 [INFO] ThirdParty:1030 - CMSIS Pack Vendor :WES I-CUBE-Cesium 1.3.0
2025-02-28 16:56:36,950 [INFO] ThirdParty:1030 - CMSIS Pack Vendor :STMicroelectronics lwIP 2.1.2
2025-02-28 16:56:36,950 [INFO] ThirdParty:1030 - CMSIS Pack Vendor :STMicroelectronics X-CUBE-SFXS2LP1 4.0.0
2025-02-28 16:56:36,950 [INFO] ThirdParty:1030 - CMSIS Pack Vendor :STMicroelectronics X-CUBE-BLE2 3.3.0
2025-02-28 16:56:36,950 [INFO] ThirdParty:1030 - CMSIS Pack Vendor :STMicroelectronics PDM2PCM 3.2.0
2025-02-28 16:56:36,950 [INFO] ThirdParty:1030 - CMSIS Pack Vendor :STMicroelectronics X-CUBE-AZRTOS-H7 3.3.0
2025-02-28 16:56:36,950 [INFO] ThirdParty:1030 - CMSIS Pack Vendor :STMicroelectronics X-CUBE-NFC9 1.0.0
2025-02-28 16:56:36,950 [INFO] ThirdParty:1030 - CMSIS Pack Vendor :STMicroelectronics USB_DEVICE 3.0.0
2025-02-28 16:56:36,950 [INFO] ThirdParty:1030 - CMSIS Pack Vendor :STMicroelectronics X-CUBE-TCPP 4.1.0
2025-02-28 16:56:36,950 [INFO] ThirdParty:1030 - CMSIS Pack Vendor :STMicroelectronics X-CUBE-IPS 3.0.0
2025-02-28 16:56:36,950 [INFO] ThirdParty:1030 - CMSIS Pack Vendor :STMicroelectronics X-CUBE-AZRTOS-WB 2.0.0
2025-02-28 16:56:36,950 [INFO] ThirdParty:1030 - CMSIS Pack Vendor :STMicroelectronics X-CUBE-GNSS1 7.0.0
2025-02-28 16:56:36,950 [INFO] ThirdParty:1030 - CMSIS Pack Vendor :STMicroelectronics X-CUBE-GNSS1 7.0.1
2025-02-28 16:56:36,950 [INFO] ThirdParty:1030 - CMSIS Pack Vendor :STMicroelectronics FP-SNS-STBOX1 2.0.0
2025-02-28 16:56:36,951 [INFO] ThirdParty:1030 - CMSIS Pack Vendor :STMicroelectronics X-CUBE-ALGOBUILD 1.3.0
2025-02-28 16:56:36,951 [INFO] ThirdParty:1030 - CMSIS Pack Vendor :STMicroelectronics X-CUBE-AZRTOS-G0 1.1.0
2025-02-28 16:56:36,951 [INFO] ThirdParty:1030 - CMSIS Pack Vendor :STMicroelectronics X-CUBE-SAFEA1 1.2.2
2025-02-28 16:56:36,951 [INFO] ThirdParty:1030 - CMSIS Pack Vendor :STMicroelectronics X-CUBE-NFC4 3.0.0
2025-02-28 16:56:36,951 [INFO] ThirdParty:1030 - CMSIS Pack Vendor :STMicroelectronics X-CUBE-SUBG2 5.0.0
2025-02-28 16:56:36,951 [INFO] ThirdParty:1030 - CMSIS Pack Vendor :STMicroelectronics STM32_WPAN 1.0.0
2025-02-28 16:56:36,951 [INFO] ThirdParty:1030 - CMSIS Pack Vendor :EmbeddedOffice I-CUBE-FS-RTOS 1.0.1
2025-02-28 16:56:36,951 [INFO] ThirdParty:1030 - CMSIS Pack Vendor :STMicroelectronics lwIP 2.0.3
2025-02-28 16:56:36,951 [INFO] ThirdParty:1030 - CMSIS Pack Vendor :STMicroelectronics USB_HOST 1.0.0
2025-02-28 16:56:36,951 [INFO] ThirdParty:1030 - CMSIS Pack Vendor :STMicroelectronics X-CUBE-AZRTOS-G4 2.0.0
2025-02-28 16:56:36,951 [INFO] ThirdParty:1030 - CMSIS Pack Vendor :STMicroelectronics PDM2PCM 3.1.0
2025-02-28 16:56:36,951 [INFO] ThirdParty:1030 - CMSIS Pack Vendor :Infineon AIROC-Wi-Fi-Bluetooth-STM32 1.5.1
2025-02-28 16:56:36,951 [INFO] ThirdParty:1030 - CMSIS Pack Vendor :STMicroelectronics X-CUBE-BLEMGR 3.0.0
2025-02-28 16:56:36,951 [INFO] ThirdParty:1030 - CMSIS Pack Vendor :RealThread X-CUBE-RT-Thread_Nano 4.1.1
2025-02-28 16:56:36,952 [INFO] ThirdParty:1030 - CMSIS Pack Vendor :STMicroelectronics FP-SNS-MOTENVWB1 1.3.1
2025-02-28 16:56:36,952 [INFO] ThirdParty:1030 - CMSIS Pack Vendor :STMicroelectronics FP-ATR-SIGFOX1 3.2.0
2025-02-28 16:56:36,952 [INFO] ThirdParty:1030 - CMSIS Pack Vendor :quantropi X-CUBE-qispace-sdk-base 1.9.3
2025-02-28 16:56:36,952 [INFO] ThirdParty:1030 - CMSIS Pack Vendor :STMicroelectronics X-CUBE-ISPU 2.0.0
2025-02-28 16:56:36,952 [INFO] ThirdParty:1030 - CMSIS Pack Vendor :STMicroelectronics X-CUBE-EEPRMA1 5.1.0
2025-02-28 16:56:36,952 [INFO] ThirdParty:1030 - CMSIS Pack Vendor :STMicroelectronics MBEDTLS 2.16.2
2025-02-28 16:56:36,952 [INFO] ThirdParty:1030 - CMSIS Pack Vendor :STMicroelectronics X-CUBE-ALS 1.0.2
2025-02-28 16:56:36,952 [INFO] ThirdParty:1030 - CMSIS Pack Vendor :STMicroelectronics X-CUBE-MEMS1 10.0.0
2025-02-28 16:56:36,952 [INFO] ThirdParty:1030 - CMSIS Pack Vendor :STMicroelectronics X-CUBE-FREERTOS 1.1.0
2025-02-28 16:56:36,952 [INFO] ThirdParty:1030 - CMSIS Pack Vendor :STMicroelectronics X-CUBE-TOUCHGFX 4.24.0
2025-02-28 16:56:36,952 [INFO] ThirdParty:1030 - CMSIS Pack Vendor :STMicroelectronics X-CUBE-TOUCHGFX 4.24.2
2025-02-28 16:56:36,952 [INFO] ThirdParty:1030 - CMSIS Pack Vendor :STMicroelectronics X-CUBE-TOUCHGFX 4.24.1
2025-02-28 16:56:36,952 [INFO] ThirdParty:1030 - CMSIS Pack Vendor :portGmbH I-Cube-SoM-uGOAL 1.1.0
2025-02-28 16:56:36,952 [INFO] ThirdParty:1030 - CMSIS Pack Vendor :STMicroelectronics X-CUBE-ALS 1.0.1
2025-02-28 16:56:36,952 [INFO] ThirdParty:1030 - CMSIS Pack Vendor :STMicroelectronics ThreadX 1.0.0
2025-02-28 16:56:36,952 [INFO] ThirdParty:1030 - CMSIS Pack Vendor :SEGGER I-CUBE-embOS 1.3.1
2025-02-28 16:56:36,952 [INFO] ThirdParty:1030 - CMSIS Pack Vendor :STMicroelectronics X-CUBE-ALGOBUILD 1.4.0
2025-02-28 16:56:36,952 [INFO] ThirdParty:1030 - CMSIS Pack Vendor :STMicroelectronics X-CUBE-AZRTOS-H7RS 1.0.0
2025-02-28 16:56:36,952 [INFO] ThirdParty:1030 - CMSIS Pack Vendor :STMicroelectronics FP-ATR-ASTRA1 2.0.0
2025-02-28 16:56:36,953 [INFO] ThirdParty:1030 - CMSIS Pack Vendor :STMicroelectronics X-CUBE-TOF1 3.4.2
2025-02-28 16:56:36,953 [INFO] ThirdParty:1030 - CMSIS Pack Vendor :STMicroelectronics X-CUBE-AI 9.1.0
2025-02-28 16:56:36,953 [INFO] ThirdParty:1030 - CMSIS Pack Vendor :STMicroelectronics X-CUBE-TOF1 3.4.0
2025-02-28 16:56:36,953 [INFO] ThirdParty:1030 - CMSIS Pack Vendor :STMicroelectronics X-CUBE-TOF1 3.4.1
2025-02-28 16:56:36,953 [INFO] ThirdParty:1030 - CMSIS Pack Vendor :STMicroelectronics X-CUBE-AZRTOS-H7 3.2.0
2025-02-28 16:56:36,953 [INFO] ThirdParty:1030 - CMSIS Pack Vendor :wolfSSL I-CUBE-wolfSSH 1.4.17
2025-02-28 16:56:36,953 [INFO] ThirdParty:841 - exiting critical section [change project]
2025-02-28 16:56:37,687 [INFO] PinOutPanel:1561 - setPackage(No Configuration,No Configuration)
2025-02-28 16:56:37,718 [INFO] PinOutPanel:1561 - setPackage(STM32F303CCTx,LQFP48)
2025-02-28 16:56:38,395 [INFO] UtilMem:75 - Before build in PCC Used Memory: 897531920 Bytes (1073741824)
2025-02-28 16:56:39,141 [INFO] UtilMem:75 - After build in PCC Used Memory: 944717840 Bytes (1073741824)
2025-02-28 16:56:39,207 [INFO] IPUIPlugin:80 - create IPUIPlugin
2025-02-28 16:56:39,207 [INFO] IPUIPlugin:80 - create IPUIPlugin
2025-02-28 16:56:39,207 [INFO] IPUIPlugin:80 - create IPUIPlugin
2025-02-28 16:56:39,207 [INFO] IPUIPlugin:80 - create IPUIPlugin
2025-02-28 16:56:39,207 [INFO] IPUIPlugin:80 - create IPUIPlugin
2025-02-28 16:56:39,207 [INFO] IPUIPlugin:80 - create IPUIPlugin
2025-02-28 16:56:39,207 [INFO] IPUIPlugin:80 - create IPUIPlugin
2025-02-28 16:56:39,208 [INFO] IPUIPlugin:80 - create IPUIPlugin
2025-02-28 16:56:39,208 [INFO] IPUIPlugin:80 - create IPUIPlugin
2025-02-28 16:56:39,208 [INFO] IPUIPlugin:80 - create IPUIPlugin
2025-02-28 16:56:39,208 [INFO] IPUIPlugin:80 - create IPUIPlugin
2025-02-28 16:56:39,208 [INFO] IPUIPlugin:80 - create IPUIPlugin
2025-02-28 16:56:39,209 [INFO] IPUIPlugin:80 - create IPUIPlugin
2025-02-28 16:56:39,209 [INFO] IPUIPlugin:80 - create IPUIPlugin
2025-02-28 16:56:39,209 [INFO] IPUIPlugin:80 - create IPUIPlugin
2025-02-28 16:56:39,209 [INFO] IPUIPlugin:80 - create IPUIPlugin
2025-02-28 16:56:39,210 [INFO] IPUIPlugin:80 - create IPUIPlugin
2025-02-28 16:56:39,210 [INFO] IPUIPlugin:80 - create IPUIPlugin
2025-02-28 16:56:39,210 [INFO] IPUIPlugin:80 - create IPUIPlugin
2025-02-28 16:56:39,210 [INFO] IPUIPlugin:80 - create IPUIPlugin
2025-02-28 16:56:39,211 [INFO] IPUIPlugin:80 - create IPUIPlugin
2025-02-28 16:56:39,211 [INFO] IPUIPlugin:80 - create IPUIPlugin
2025-02-28 16:56:39,211 [INFO] IPUIPlugin:80 - create IPUIPlugin
2025-02-28 16:56:39,212 [INFO] IPUIPlugin:80 - create IPUIPlugin
2025-02-28 16:56:39,212 [INFO] IPUIPlugin:80 - create IPUIPlugin
2025-02-28 16:56:39,213 [INFO] IPUIPlugin:80 - create IPUIPlugin
2025-02-28 16:56:39,213 [INFO] IPUIPlugin:80 - create IPUIPlugin
2025-02-28 16:56:39,214 [INFO] IPUIPlugin:80 - create IPUIPlugin
2025-02-28 16:56:39,214 [INFO] IPUIPlugin:80 - create IPUIPlugin
2025-02-28 16:56:39,215 [INFO] IPUIPlugin:80 - create IPUIPlugin
2025-02-28 16:56:39,217 [INFO] IPUIPlugin:80 - create IPUIPlugin
2025-02-28 16:56:39,218 [INFO] IPUIPlugin:80 - create IPUIPlugin
2025-02-28 16:56:39,219 [INFO] IPUIPlugin:80 - create IPUIPlugin
2025-02-28 16:56:39,220 [INFO] IPUIPlugin:80 - create IPUIPlugin
2025-02-28 16:56:39,221 [INFO] IPUIPlugin:80 - create IPUIPlugin
2025-02-28 16:56:39,222 [INFO] IPUIPlugin:80 - create IPUIPlugin
2025-02-28 16:56:39,222 [INFO] IPUIPlugin:80 - create IPUIPlugin
2025-02-28 16:56:39,223 [INFO] IPUIPlugin:80 - create IPUIPlugin
2025-02-28 16:56:39,224 [INFO] IPUIPlugin:80 - create IPUIPlugin
2025-02-28 16:56:39,225 [INFO] IPUIPlugin:80 - create IPUIPlugin
2025-02-28 16:56:39,225 [INFO] IPUIPlugin:80 - create IPUIPlugin
2025-02-28 16:56:39,226 [INFO] IPUIPlugin:80 - create IPUIPlugin
2025-02-28 16:56:39,227 [INFO] IPUIPlugin:80 - create IPUIPlugin
2025-02-28 16:56:39,227 [INFO] IPUIPlugin:80 - create IPUIPlugin
2025-02-28 16:56:39,227 [INFO] IPUIPlugin:80 - create IPUIPlugin
2025-02-28 16:56:39,331 [INFO] IPUIPlugin:80 - create IPUIPlugin
2025-02-28 16:56:39,334 [INFO] IPUIPlugin:80 - create IPUIPlugin
2025-02-28 16:56:39,335 [INFO] IPUIPlugin:80 - create IPUIPlugin
2025-02-28 16:56:39,336 [INFO] IPUIPlugin:80 - create IPUIPlugin
2025-02-28 16:56:39,337 [INFO] IPUIPlugin:80 - create IPUIPlugin
2025-02-28 16:56:39,338 [INFO] IPUIPlugin:80 - create IPUIPlugin
2025-02-28 16:56:39,339 [INFO] IPUIPlugin:80 - create IPUIPlugin
2025-02-28 16:56:39,340 [INFO] IPUIPlugin:80 - create IPUIPlugin
2025-02-28 16:56:40,038 [INFO] CADModel:165 - CPN selected for project levelSTM32F303CCT6
2025-02-28 16:56:40,038 [INFO] CADModel:114 - Register for checkConnection events
2025-02-28 16:56:40,080 [INFO] OpenFileManager:363 - Restore cursor
2025-02-28 17:07:49,787 [INFO] WebApp:189 - Connection lost
